#
# There is insufficient memory for the Java Runtime Environment to continue.
# Native memory allocation (mmap) failed to map 257949696 bytes for G1 virtual space
# Possible reasons:
#   The system is out of physical RAM or swap space
#   The process is running with CompressedOops enabled, and the Java Heap may be blocking the growth of the native heap
# Possible solutions:
#   Reduce memory load on the system
#   Increase physical memory or swap space
#   Check if swap backing store is full
#   Decrease Java heap size (-Xmx/-Xms)
#   Decrease number of Java threads
#   Decrease Java thread stack sizes (-Xss)
#   Set larger code cache with -XX:ReservedCodeCacheSize=
#   JVM is running with Zero Based Compressed Oops mode in which the Java heap is
#     placed in the first 32GB address space. The Java Heap base address is the
#     maximum limit for the native heap growth. Please use -XX:HeapBaseMinAddress
#     to set the Java Heap base and to place the Java Heap above 32GB virtual address.
# This output file may be truncated or incomplete.
#
#  Out of Memory Error (os_windows.cpp:3771), pid=20796, tid=16220
#
# JRE version:  (17.0.7) (build )
# Java VM: OpenJDK 64-Bit Server VM (17.0.7+0-b2043.56-10550314, mixed mode, sharing, tiered, compressed oops, compressed class ptrs, g1 gc, windows-amd64)
# No core dump will be written. Minidumps are not enabled by default on client versions of Windows
#

---------------  S U M M A R Y ------------

Command Line: git4idea.http.GitAskPassApp Username for 'https://github.com': 

Host: AMD Ryzen 7 5700U with Radeon Graphics         , 16 cores, 15G,  Windows 11 , 64 bit Build 22621 (10.0.22621.2215)
Time: Sun Dec 17 22:27:33 2023 India Standard Time elapsed time: 0.010551 seconds (0d 0h 0m 0s)

---------------  T H R E A D  ---------------

Current thread (0x000001c08b91c600):  JavaThread "Unknown thread" [_thread_in_vm, id=16220, stack(0x0000001670a00000,0x0000001670b00000)]

Stack: [0x0000001670a00000,0x0000001670b00000]
Native frames: (J=compiled Java code, j=interpreted, Vv=VM code, C=native code)
V  [jvm.dll+0x683bfa]
V  [jvm.dll+0x8430a4]
V  [jvm.dll+0x8449be]
V  [jvm.dll+0x845023]
V  [jvm.dll+0x24ad2f]
V  [jvm.dll+0x680ac9]
V  [jvm.dll+0x67519a]
V  [jvm.dll+0x30b3cb]
V  [jvm.dll+0x312876]
V  [jvm.dll+0x36221e]
V  [jvm.dll+0x36244f]
V  [jvm.dll+0x2e14a8]
V  [jvm.dll+0x2e2414]
V  [jvm.dll+0x814391]
V  [jvm.dll+0x36ffe1]
V  [jvm.dll+0x7f396c]
V  [jvm.dll+0x3f305f]
V  [jvm.dll+0x3f4b91]
C  [jli.dll+0x528f]
C  [ucrtbase.dll+0x29363]
C  [KERNEL32.DLL+0x1257d]
C  [ntdll.dll+0x5aa68]


---------------  P R O C E S S  ---------------

Threads class SMR info:
_java_thread_list=0x00007ffb67a7d098, length=0, elements={
}

Java Threads: ( => current thread )

Other Threads:
  0x000001c08b983530 GCTaskThread "GC Thread#0" [stack: 0x0000001670b00000,0x0000001670c00000] [id=17380]
  0x000001c08b995900 ConcurrentGCThread "G1 Main Marker" [stack: 0x0000001670c00000,0x0000001670d00000] [id=11464]
  0x000001c08b996210 ConcurrentGCThread "G1 Conc#0" [stack: 0x0000001670d00000,0x0000001670e00000] [id=1000]

[error occurred during error reporting (printing all threads), id 0xc0000005, EXCEPTION_ACCESS_VIOLATION (0xc0000005) at pc=0x00007ffb67232087]

VM state: not at safepoint (not fully initialized)

VM Mutex/Monitor currently owned by a thread:  ([mutex/lock_event])
[0x000001c08b91a920] Heap_lock - owner thread: 0x000001c08b91c600

Heap address: 0x000000070a800000, size: 3928 MB, Compressed Oops mode: Zero based, Oop shift amount: 3

CDS archive(s) mapped at: [0x0000000000000000-0x0000000000000000-0x0000000000000000), size 0, SharedBaseAddress: 0x0000000800000000, ArchiveRelocationMode: 0.
Narrow klass base: 0x0000000000000000, Narrow klass shift: 0, Narrow klass range: 0x0

GC Precious Log:
<Empty>

Heap:
 garbage-first heap   total 0K, used 0K [0x000000070a800000, 0x0000000800000000)
  region size 2048K, 0 young (0K), 0 survivors (0K)
 Metaspace       used 0K, committed 0K, reserved 0K
  class space    used 0K, committed 0K, reserved 0K

Heap Regions: E=young(eden), S=young(survivor), O=old, HS=humongous(starts), HC=humongous(continues), CS=collection set, F=free, OA=open archive, CA=closed archive, TAMS=top-at-mark-start (previous, next)

Card table byte_map: [0x000001c09ee20000,0x000001c09f5d0000] _byte_map_base: 0x000001c09b5cc000

Marking Bits (Prev, Next): (CMBitMap*) 0x000001c08b985a50, (CMBitMap*) 0x000001c08b985a90
 Prev Bits: [0x000001c09fd80000, 0x000001c0a3ae0000)
 Next Bits: [0x000001c0a3ae0000, 0x000001c0a7840000)

GC Heap History (0 events):
No events

Dll operation events (1 events):
Event: 0.006 Loaded shared library C:\Program Files\Android\Android Studio\jbr\bin\java.dll

Deoptimization events (0 events):
No events

Classes unloaded (0 events):
No events

Classes redefined (0 events):
No events

Internal exceptions (0 events):
No events

VM Operations (0 events):
No events

Events (0 events):
No events


Dynamic libraries:
0x00007ff6c3e60000 - 0x00007ff6c3e6a000 	C:\Program Files\Android\Android Studio\jbr\bin\java.exe
0x00007ffc14030000 - 0x00007ffc14244000 	C:\WINDOWS\SYSTEM32\ntdll.dll
0x00007ffc12cd0000 - 0x00007ffc12d94000 	C:\WINDOWS\System32\KERNEL32.DLL
0x00007ffc11670000 - 0x00007ffc11a14000 	C:\WINDOWS\System32\KERNELBASE.dll
0x00007ffc11ca0000 - 0x00007ffc11db1000 	C:\WINDOWS\System32\ucrtbase.dll
0x00007ffc0de10000 - 0x00007ffc0de2b000 	C:\Program Files\Android\Android Studio\jbr\bin\VCRUNTIME140.dll
0x00007ffbdca70000 - 0x00007ffbdca87000 	C:\Program Files\Android\Android Studio\jbr\bin\jli.dll
0x00007ffc13a30000 - 0x00007ffc13bde000 	C:\WINDOWS\System32\USER32.dll
0x00007ffc00fa0000 - 0x00007ffc01233000 	C:\WINDOWS\WinSxS\amd64_microsoft.windows.common-controls_6595b64144ccf1df_6.0.22621.2215_none_270d72677387dfc3\COMCTL32.dll
0x00007ffc11c70000 - 0x00007ffc11c96000 	C:\WINDOWS\System32\win32u.dll
0x00007ffc12ca0000 - 0x00007ffc12cc9000 	C:\WINDOWS\System32\GDI32.dll
0x00007ffc12380000 - 0x00007ffc12427000 	C:\WINDOWS\System32\msvcrt.dll
0x00007ffc11550000 - 0x00007ffc11668000 	C:\WINDOWS\System32\gdi32full.dll
0x00007ffc11a20000 - 0x00007ffc11aba000 	C:\WINDOWS\System32\msvcp_win.dll
0x00007ffc12c40000 - 0x00007ffc12c71000 	C:\WINDOWS\System32\IMM32.DLL
0x00007ffc0d730000 - 0x00007ffc0d73c000 	C:\Program Files\Android\Android Studio\jbr\bin\vcruntime140_1.dll
0x00007ffbe8390000 - 0x00007ffbe841d000 	C:\Program Files\Android\Android Studio\jbr\bin\msvcp140.dll
0x00007ffb66f40000 - 0x00007ffb67bc0000 	C:\Program Files\Android\Android Studio\jbr\bin\server\jvm.dll
0x00007ffc138c0000 - 0x00007ffc13970000 	C:\WINDOWS\System32\ADVAPI32.dll
0x00007ffc137b0000 - 0x00007ffc13856000 	C:\WINDOWS\System32\sechost.dll
0x00007ffc120a0000 - 0x00007ffc121b7000 	C:\WINDOWS\System32\RPCRT4.dll
0x00007ffbe6a00000 - 0x00007ffbe6a09000 	C:\WINDOWS\SYSTEM32\WSOCK32.dll
0x00007ffc0e0f0000 - 0x00007ffc0e124000 	C:\WINDOWS\SYSTEM32\WINMM.dll
0x00007ffc13730000 - 0x00007ffc137a1000 	C:\WINDOWS\System32\WS2_32.dll
0x00007ffc05860000 - 0x00007ffc0586a000 	C:\WINDOWS\SYSTEM32\VERSION.dll
0x00007ffc10380000 - 0x00007ffc10398000 	C:\WINDOWS\SYSTEM32\kernel.appcore.dll
0x00007ffc098e0000 - 0x00007ffc098ea000 	C:\Program Files\Android\Android Studio\jbr\bin\jimage.dll
0x00007ffc0ee30000 - 0x00007ffc0f05e000 	C:\WINDOWS\SYSTEM32\DBGHELP.DLL
0x00007ffc12430000 - 0x00007ffc127ba000 	C:\WINDOWS\System32\combase.dll
0x00007ffc11e40000 - 0x00007ffc11f17000 	C:\WINDOWS\System32\OLEAUT32.dll
0x00007ffc0e130000 - 0x00007ffc0e162000 	C:\WINDOWS\SYSTEM32\dbgcore.DLL
0x00007ffc11b30000 - 0x00007ffc11baa000 	C:\WINDOWS\System32\bcryptPrimitives.dll
0x00007ffbe70c0000 - 0x00007ffbe70e5000 	C:\Program Files\Android\Android Studio\jbr\bin\java.dll

dbghelp: loaded successfully - version: 4.0.5 - missing functions: none
symbol engine: initialized successfully - sym options: 0x614 - pdb path: .;C:\Program Files\Android\Android Studio\jbr\bin;C:\WINDOWS\SYSTEM32;C:\WINDOWS\WinSxS\amd64_microsoft.windows.common-controls_6595b64144ccf1df_6.0.22621.2215_none_270d72677387dfc3;C:\Program Files\Android\Android Studio\jbr\bin\server

VM Arguments:
java_command: git4idea.http.GitAskPassApp Username for 'https://github.com': 
java_class_path (initial): C:/Program Files/Android/Android Studio/plugins/vcs-git/lib/git4idea-rt.jar;C:/Program Files/Android/Android Studio/lib/externalProcess-rt.jar
Launcher Type: SUN_STANDARD

[Global flags]
     intx CICompilerCount                          = 12                                        {product} {ergonomic}
     uint ConcGCThreads                            = 3                                         {product} {ergonomic}
     uint G1ConcRefinementThreads                  = 13                                        {product} {ergonomic}
   size_t G1HeapRegionSize                         = 2097152                                   {product} {ergonomic}
    uintx GCDrainStackTargetSize                   = 64                                        {product} {ergonomic}
   size_t InitialHeapSize                          = 257949696                                 {product} {ergonomic}
   size_t MarkStackSize                            = 4194304                                   {product} {ergonomic}
   size_t MaxHeapSize                              = 4118806528                                {product} {ergonomic}
   size_t MinHeapDeltaBytes                        = 2097152                                   {product} {ergonomic}
   size_t MinHeapSize                              = 8388608                                   {product} {ergonomic}
    uintx NonNMethodCodeHeapSize                   = 7602480                                {pd product} {ergonomic}
    uintx NonProfiledCodeHeapSize                  = 122027880                              {pd product} {ergonomic}
    uintx ProfiledCodeHeapSize                     = 122027880                              {pd product} {ergonomic}
    uintx ReservedCodeCacheSize                    = 251658240                              {pd product} {ergonomic}
     bool SegmentedCodeCache                       = true                                      {product} {ergonomic}
   size_t SoftMaxHeapSize                          = 4118806528                             {manageable} {ergonomic}
     bool UseCompressedClassPointers               = true                           {product lp64_product} {ergonomic}
     bool UseCompressedOops                        = true                           {product lp64_product} {ergonomic}
     bool UseG1GC                                  = true                                      {product} {ergonomic}
     bool UseLargePagesIndividualAllocation        = false                                  {pd product} {ergonomic}

Logging:
Log output configuration:
 #0: stdout all=warning uptime,level,tags
 #1: stderr all=off uptime,level,tags

Environment Variables:
JAVA_HOME=C:\Program Files\Java\jdk-21
PATH=C:\Program Files\Git\mingw64\libexec\git-core;C:\Program Files\Git\mingw64\libexec\git-core;C:\Program Files\Git\mingw64\bin;C:\Program Files\Git\usr\bin;C:\Users\KIIT\bin;C:\Program Files (x86)\NVIDIA Corporation\PhysX\Common;C:\ProgramData\Oracle\Java\javapath;C:\Program Files (x86)\Common Files\Intel\Shared Libraries\redist\intel64\compiler;C:\WINDOWS\system32;C:\WINDOWS;C:\WINDOWS\System32\Wbem;C:\WINDOWS\System32\WindowsPowerShell\v1.0;C:\WINDOWS\System32\OpenSSH;C:\Program Files\dotnet;C:\Users\KIIT\AppData\Local\Microsoft\WindowsApps;C:\Users\KIIT\AppData\Local\Programs\Microsoft VS Code\bin;C:\Program Files\JetBrains\IntelliJ IDEA Community Edition 2021.3.2\bin;C:\MinGW\bin;C:\adb;C:\Program Files (x86)\dotnet;C:\WINDOWS\system32;C:\WINDOWS;C:\WINDOWS\System32\Wbem;C:\WINDOWS\System32\WindowsPowerShell\v1.0;C:\WINDOWS\System32\OpenSSH;C:\Program Files\Git\cmd;C:\Program Files\nodejs;C:\ProgramData\chocolatey\bin;C:\Program Files\Cloudflare\Cloudflare WARP;C:\Program Files\Java\jdk-21;C:\Users\KIIT\AppData\Local\Microsoft\WindowsApps;C:\Users\KIIT\AppData\Local\Programs\Microsoft VS Code\bin;C:\Program Files\JetBrains\IntelliJ IDEA Community Edition 2021.3.2\bin;C:\MinGW\bin;C:\Users\KIIT\AppData\Roaming\npm;C:\Users\KIIT\AppData\Local\Pub\Cache\bin;C:\src\flutter\bin;C:\tools\dart-sdk\bin;C:\Platform tools\platform-tools
USERNAME=KIIT
DISPLAY=:0.0
LC_ALL=en_US.UTF-8
TERM=xterm-256color
TMPDIR=C:\Users\KIIT\AppData\Local\Temp
OS=Windows_NT
PROCESSOR_IDENTIFIER=AMD64 Family 23 Model 104 Stepping 1, AuthenticAMD
TMP=C:\Users\KIIT\AppData\Local\Temp
TEMP=C:\Users\KIIT\AppData\Local\Temp


JNI global refs:
JNI global refs: 0, weak refs: 0

JNI global refs memory usage: 0, weak refs: 0

OOME stack traces (most recent first):
Classloader memory used:


---------------  S Y S T E M  ---------------

OS:
 Windows 11 , 64 bit Build 22621 (10.0.22621.2215)
OS uptime: 2 days 23:14 hours
Hyper-V role detected

CPU: total 16 (initial active 16) (16 cores per cpu, 2 threads per core) family 23 model 104 stepping 1 microcode 0x0, cx8, cmov, fxsr, ht, mmx, 3dnowpref, sse, sse2, sse3, ssse3, sse4a, sse4.1, sse4.2, popcnt, lzcnt, tsc, tscinvbit, avx, avx2, aes, clmul, bmi1, bmi2, adx, sha, fma, vzeroupper, clflush, clflushopt, hv

Memory: 4k page, system-wide physical 15709M (1905M free)
TotalPageFile size 17757M (AvailPageFile size 30M)
current process WorkingSet (physical memory assigned to process): 11M, peak: 11M
current process commit charge ("private bytes"): 70M, peak: 316M

vm_info: OpenJDK 64-Bit Server VM (17.0.7+0-b2043.56-10550314) for windows-amd64 JRE (17.0.7+0-b2043.56-10550314), built on Jul 24 2023 18:27:45 by "androidbuild" with MS VC++ 16.10 / 16.11 (VS2019)

END.
