#
# There is insufficient memory for the Java Runtime Environment to continue.
# Native memory allocation (malloc) failed to allocate 1296816 bytes for Chunk::new
# Possible reasons:
#   The system is out of physical RAM or swap space
#   The process is running with CompressedOops enabled, and the Java Heap may be blocking the growth of the native heap
# Possible solutions:
#   Reduce memory load on the system
#   Increase physical memory or swap space
#   Check if swap backing store is full
#   Decrease Java heap size (-Xmx/-Xms)
#   Decrease number of Java threads
#   Decrease Java thread stack sizes (-Xss)
#   Set larger code cache with -XX:ReservedCodeCacheSize=
#   JVM is running with Unscaled Compressed Oops mode in which the Java heap is
#     placed in the first 4GB address space. The Java Heap base address is the
#     maximum limit for the native heap growth. Please use -XX:HeapBaseMinAddress
#     to set the Java Heap base and to place the Java Heap above 4GB virtual address.
# This output file may be truncated or incomplete.
#
#  Out of Memory Error (arena.cpp:189), pid=15084, tid=16816
#
# JRE version: OpenJDK Runtime Environment (17.0.7) (build 17.0.7+0-b2043.56-10550314)
# Java VM: OpenJDK 64-Bit Server VM (17.0.7+0-b2043.56-10550314, mixed mode, tiered, compressed oops, compressed class ptrs, g1 gc, windows-amd64)
# No core dump will be written. Minidumps are not enabled by default on client versions of Windows
#

---------------  S U M M A R Y ------------

Command Line: --add-opens=java.base/java.util=ALL-UNNAMED --add-opens=java.base/java.lang=ALL-UNNAMED --add-opens=java.base/java.lang.invoke=ALL-UNNAMED --add-opens=java.prefs/java.util.prefs=ALL-UNNAMED --add-opens=java.base/java.nio.charset=ALL-UNNAMED --add-opens=java.base/java.net=ALL-UNNAMED --add-opens=java.base/java.util.concurrent.atomic=ALL-UNNAMED -Xmx2048m -Dfile.encoding=UTF-8 -Duser.country=IN -Duser.language=en -Duser.variant -javaagent:C:\Users\KIIT\.gradle\wrapper\dists\gradle-8.2-bin\bbg7u40eoinfdyxsxr3z4i7ta\gradle-8.2\lib\agents\gradle-instrumentation-agent-8.2.jar org.gradle.launcher.daemon.bootstrap.GradleDaemon 8.2

Host: AMD Ryzen 7 5700U with Radeon Graphics         , 16 cores, 15G,  Windows 11 , 64 bit Build 22621 (10.0.22621.2215)
Time: Sun Dec 17 21:29:39 2023 India Standard Time elapsed time: 15.367748 seconds (0d 0h 0m 15s)

---------------  T H R E A D  ---------------

Current thread (0x0000016c39c01f10):  JavaThread "C2 CompilerThread5" daemon [_thread_in_native, id=16816, stack(0x0000000c83700000,0x0000000c83800000)]


Current CompileTask:
C2:  15367 10727       4       groovy.lang.MetaClassImpl::checkIfStdMethod (178 bytes)

Stack: [0x0000000c83700000,0x0000000c83800000]
Native frames: (J=compiled Java code, j=interpreted, Vv=VM code, C=native code)
V  [jvm.dll+0x683bfa]
V  [jvm.dll+0x8430a4]
V  [jvm.dll+0x8449be]
V  [jvm.dll+0x845023]
V  [jvm.dll+0x24ad2f]
V  [jvm.dll+0xac25c]
V  [jvm.dll+0xac82c]
V  [jvm.dll+0x36a132]
V  [jvm.dll+0x334821]
V  [jvm.dll+0x333cca]
V  [jvm.dll+0x21d251]
V  [jvm.dll+0x21c671]
V  [jvm.dll+0x1a605d]
V  [jvm.dll+0x22c148]
V  [jvm.dll+0x22a209]
V  [jvm.dll+0x7f858c]
V  [jvm.dll+0x7f2aea]
V  [jvm.dll+0x682a35]
C  [ucrtbase.dll+0x29363]
C  [KERNEL32.DLL+0x1257d]
C  [ntdll.dll+0x5aa68]


---------------  P R O C E S S  ---------------

Threads class SMR info:
_java_thread_list=0x0000016c3a38ad80, length=78, elements={
0x0000016c136fbc40, 0x0000016c2e0ee740, 0x0000016c2e26d6a0, 0x0000016c2e2a6060,
0x0000016c2e2b9660, 0x0000016c2e2bc120, 0x0000016c2e2bd0e0, 0x0000016c2e2c12a0,
0x0000016c2e2e5d70, 0x0000016c2e2e6760, 0x0000016c2e312e30, 0x0000016c2e494860,
0x0000016c2e494d70, 0x0000016c2e6140d0, 0x0000016c335ebbe0, 0x0000016c33781bb0,
0x0000016c33780d40, 0x0000016c33780870, 0x0000016c33781210, 0x0000016c337816e0,
0x0000016c337833c0, 0x0000016c33782080, 0x0000016c3377fed0, 0x0000016c33782ef0,
0x0000016c33783890, 0x0000016c33782a20, 0x0000016c337803a0, 0x0000016c34be6530,
0x0000016c34bebbd0, 0x0000016c34be9550, 0x0000016c34be73a0, 0x0000016c34be6a00,
0x0000016c34be9a20, 0x0000016c34be7d40, 0x0000016c34bec570, 0x0000016c34beb230,
0x0000016c34be8210, 0x0000016c34beca40, 0x0000016c34be9ef0, 0x0000016c34bed8b0,
0x0000016c34be6060, 0x0000016c2e90a070, 0x0000016c2e90f710, 0x0000016c2e90d560,
0x0000016c2e909200, 0x0000016c2e90c6f0, 0x0000016c2e910a50, 0x0000016c2e90df00,
0x0000016c2e90aa10, 0x0000016c2e90fbe0, 0x0000016c2e90d090, 0x0000016c2e9100b0,
0x0000016c2e90e3d0, 0x0000016c2e90e8a0, 0x0000016c2e90da30, 0x0000016c2e90ed70,
0x0000016c2e90f240, 0x0000016c2e910580, 0x0000016c2e9096d0, 0x0000016c2e90aee0,
0x0000016c2e909ba0, 0x0000016c2e90b3b0, 0x0000016c2e90bd50, 0x0000016c36eb37a0,
0x0000016c36eb2460, 0x0000016c36eb5480, 0x0000016c36eb4ae0, 0x0000016c36eb4fb0,
0x0000016c36eb5950, 0x0000016c36eb84a0, 0x0000016c36eb32d0, 0x0000016c36eb6c90,
0x0000016c36eb67c0, 0x0000016c371a2810, 0x0000016c336bd650, 0x0000016c336ba3b0,
0x0000016c336bb7f0, 0x0000016c39c01f10
}

Java Threads: ( => current thread )
  0x0000016c136fbc40 JavaThread "main" [_thread_blocked, id=16732, stack(0x0000000cfd100000,0x0000000cfd200000)]
  0x0000016c2e0ee740 JavaThread "Reference Handler" daemon [_thread_blocked, id=3312, stack(0x0000000cfd800000,0x0000000cfd900000)]
  0x0000016c2e26d6a0 JavaThread "Finalizer" daemon [_thread_blocked, id=2284, stack(0x0000000cfd900000,0x0000000cfda00000)]
  0x0000016c2e2a6060 JavaThread "Signal Dispatcher" daemon [_thread_blocked, id=4060, stack(0x0000000cfda00000,0x0000000cfdb00000)]
  0x0000016c2e2b9660 JavaThread "Attach Listener" daemon [_thread_blocked, id=3156, stack(0x0000000cfdb00000,0x0000000cfdc00000)]
  0x0000016c2e2bc120 JavaThread "Service Thread" daemon [_thread_blocked, id=8780, stack(0x0000000cfdc00000,0x0000000cfdd00000)]
  0x0000016c2e2bd0e0 JavaThread "Monitor Deflation Thread" daemon [_thread_blocked, id=17276, stack(0x0000000cfdd00000,0x0000000cfde00000)]
  0x0000016c2e2c12a0 JavaThread "C2 CompilerThread0" daemon [_thread_in_native, id=7844, stack(0x0000000cfde00000,0x0000000cfdf00000)]
  0x0000016c2e2e5d70 JavaThread "C1 CompilerThread0" daemon [_thread_in_native, id=18340, stack(0x0000000cfdf00000,0x0000000cfe000000)]
  0x0000016c2e2e6760 JavaThread "Sweeper thread" daemon [_thread_blocked, id=6184, stack(0x0000000cfe000000,0x0000000cfe100000)]
  0x0000016c2e312e30 JavaThread "Common-Cleaner" daemon [_thread_blocked, id=7380, stack(0x0000000cfe100000,0x0000000cfe200000)]
  0x0000016c2e494860 JavaThread "C1 CompilerThread1" daemon [_thread_blocked, id=12708, stack(0x0000000cfe200000,0x0000000cfe300000)]
  0x0000016c2e494d70 JavaThread "C1 CompilerThread2" daemon [_thread_blocked, id=3184, stack(0x0000000cfe300000,0x0000000cfe400000)]
  0x0000016c2e6140d0 JavaThread "Notification Thread" daemon [_thread_blocked, id=8900, stack(0x0000000cfe400000,0x0000000cfe500000)]
  0x0000016c335ebbe0 JavaThread "C1 CompilerThread3" daemon [_thread_blocked, id=18320, stack(0x0000000cfe900000,0x0000000cfea00000)]
  0x0000016c33781bb0 JavaThread "Daemon health stats" [_thread_blocked, id=9600, stack(0x0000000cfee00000,0x0000000cfef00000)]
  0x0000016c33780d40 JavaThread "Incoming local TCP Connector on port 57353" [_thread_in_native, id=17908, stack(0x0000000cfe700000,0x0000000cfe800000)]
  0x0000016c33780870 JavaThread "Daemon periodic checks" [_thread_blocked, id=17780, stack(0x0000000cfe800000,0x0000000cfe900000)]
  0x0000016c33781210 JavaThread "Daemon" [_thread_blocked, id=12852, stack(0x0000000cfef00000,0x0000000cff000000)]
  0x0000016c337816e0 JavaThread "Handler for socket connection from /127.0.0.1:57353 to /127.0.0.1:57354" [_thread_in_native, id=11644, stack(0x0000000cff000000,0x0000000cff100000)]
  0x0000016c337833c0 JavaThread "Cancel handler" [_thread_blocked, id=6864, stack(0x0000000cff100000,0x0000000cff200000)]
  0x0000016c33782080 JavaThread "Daemon worker" [_thread_in_vm, id=7696, stack(0x0000000cff200000,0x0000000cff300000)]
  0x0000016c3377fed0 JavaThread "Asynchronous log dispatcher for DefaultDaemonConnection: socket connection from /127.0.0.1:57353 to /127.0.0.1:57354" [_thread_blocked, id=10392, stack(0x0000000cff300000,0x0000000cff400000)]
  0x0000016c33782ef0 JavaThread "Stdin handler" [_thread_blocked, id=11276, stack(0x0000000cff400000,0x0000000cff500000)]
  0x0000016c33783890 JavaThread "Daemon client event forwarder" [_thread_blocked, id=13772, stack(0x0000000cff500000,0x0000000cff600000)]
  0x0000016c33782a20 JavaThread "Cache worker for journal cache (C:\Users\KIIT\.gradle\caches\journal-1)" [_thread_blocked, id=540, stack(0x0000000c80000000,0x0000000c80100000)]
  0x0000016c337803a0 JavaThread "File lock request listener" [_thread_in_native, id=2060, stack(0x0000000c80100000,0x0000000c80200000)]
  0x0000016c34be6530 JavaThread "Cache worker for file hash cache (C:\Users\KIIT\.gradle\caches\8.2\fileHashes)" [_thread_blocked, id=10608, stack(0x0000000c80200000,0x0000000c80300000)]
  0x0000016c34bebbd0 JavaThread "File watcher server" daemon [_thread_in_native, id=15484, stack(0x0000000c80500000,0x0000000c80600000)]
  0x0000016c34be9550 JavaThread "File watcher consumer" daemon [_thread_blocked, id=19192, stack(0x0000000c80600000,0x0000000c80700000)]
  0x0000016c34be73a0 JavaThread "Cache worker for checksums cache (C:\Users\KIIT\AndroidStudioProjects\RecipeApp\.gradle\8.2\checksums)" [_thread_blocked, id=19224, stack(0x0000000c80400000,0x0000000c80500000)]
  0x0000016c34be6a00 JavaThread "Cache worker for cache directory md-rule (C:\Users\KIIT\.gradle\caches\8.2\md-rule)" [_thread_blocked, id=14084, stack(0x0000000c80700000,0x0000000c80800000)]
  0x0000016c34be9a20 JavaThread "Cache worker for file content cache (C:\Users\KIIT\.gradle\caches\8.2\fileContent)" [_thread_blocked, id=10788, stack(0x0000000c80800000,0x0000000c80900000)]
  0x0000016c34be7d40 JavaThread "Cache worker for file hash cache (C:\Users\KIIT\AndroidStudioProjects\RecipeApp\.gradle\8.2\fileHashes)" [_thread_blocked, id=1792, stack(0x0000000c80900000,0x0000000c80a00000)]
  0x0000016c34bec570 JavaThread "Cache worker for cache directory md-supplier (C:\Users\KIIT\.gradle\caches\8.2\md-supplier)" [_thread_blocked, id=9800, stack(0x0000000c80a00000,0x0000000c80b00000)]
  0x0000016c34beb230 JavaThread "Cache worker for execution history cache (C:\Users\KIIT\.gradle\caches\8.2\executionHistory)" [_thread_blocked, id=6728, stack(0x0000000c80300000,0x0000000c80400000)]
  0x0000016c34be8210 JavaThread "jar transforms" [_thread_blocked, id=20812, stack(0x0000000c80d00000,0x0000000c80e00000)]
  0x0000016c34beca40 JavaThread "jar transforms Thread 2" [_thread_blocked, id=3660, stack(0x0000000c80e00000,0x0000000c80f00000)]
  0x0000016c34be9ef0 JavaThread "Cache worker for kotlin-dsl (C:\Users\KIIT\.gradle\caches\8.2\kotlin-dsl)" [_thread_blocked, id=3900, stack(0x0000000c81000000,0x0000000c81100000)]
  0x0000016c34bed8b0 JavaThread "jar transforms Thread 3" [_thread_blocked, id=5960, stack(0x0000000c81100000,0x0000000c81200000)]
  0x0000016c34be6060 JavaThread "jar transforms Thread 4" [_thread_blocked, id=13744, stack(0x0000000c81200000,0x0000000c81300000)]
  0x0000016c2e90a070 JavaThread "jar transforms Thread 5" [_thread_blocked, id=10736, stack(0x0000000c80c00000,0x0000000c80d00000)]
  0x0000016c2e90f710 JavaThread "jar transforms Thread 6" [_thread_blocked, id=6564, stack(0x0000000c80f00000,0x0000000c81000000)]
  0x0000016c2e90d560 JavaThread "Cache worker for dependencies-accessors (C:\Users\KIIT\AndroidStudioProjects\RecipeApp\.gradle\8.2\dependencies-accessors)" [_thread_blocked, id=10804, stack(0x0000000c81300000,0x0000000c81400000)]
  0x0000016c2e909200 JavaThread "Cache worker for Build Output Cleanup Cache (C:\Users\KIIT\AndroidStudioProjects\RecipeApp\.gradle\buildOutputCleanup)" [_thread_blocked, id=3016, stack(0x0000000c81500000,0x0000000c81600000)]
  0x0000016c2e90c6f0 JavaThread "jar transforms Thread 7" [_thread_blocked, id=13084, stack(0x0000000c81600000,0x0000000c81700000)]
  0x0000016c2e910a50 JavaThread "jar transforms Thread 8" [_thread_blocked, id=3224, stack(0x0000000c81700000,0x0000000c81800000)]
  0x0000016c2e90df00 JavaThread "Unconstrained build operations" [_thread_blocked, id=16856, stack(0x0000000c81a00000,0x0000000c81b00000)]
  0x0000016c2e90aa10 JavaThread "Unconstrained build operations Thread 2" [_thread_blocked, id=9120, stack(0x0000000c81b00000,0x0000000c81c00000)]
  0x0000016c2e90fbe0 JavaThread "Unconstrained build operations Thread 3" [_thread_blocked, id=12460, stack(0x0000000c81c00000,0x0000000c81d00000)]
  0x0000016c2e90d090 JavaThread "Unconstrained build operations Thread 4" [_thread_blocked, id=17140, stack(0x0000000c81d00000,0x0000000c81e00000)]
  0x0000016c2e9100b0 JavaThread "Unconstrained build operations Thread 5" [_thread_blocked, id=18372, stack(0x0000000c81e00000,0x0000000c81f00000)]
  0x0000016c2e90e3d0 JavaThread "Unconstrained build operations Thread 6" [_thread_blocked, id=13112, stack(0x0000000c81f00000,0x0000000c82000000)]
  0x0000016c2e90e8a0 JavaThread "Unconstrained build operations Thread 7" [_thread_blocked, id=7268, stack(0x0000000c82000000,0x0000000c82100000)]
  0x0000016c2e90da30 JavaThread "Unconstrained build operations Thread 8" [_thread_blocked, id=15728, stack(0x0000000c82100000,0x0000000c82200000)]
  0x0000016c2e90ed70 JavaThread "Unconstrained build operations Thread 9" [_thread_blocked, id=17856, stack(0x0000000c82200000,0x0000000c82300000)]
  0x0000016c2e90f240 JavaThread "Unconstrained build operations Thread 10" [_thread_blocked, id=3684, stack(0x0000000c82300000,0x0000000c82400000)]
  0x0000016c2e910580 JavaThread "Unconstrained build operations Thread 11" [_thread_blocked, id=7872, stack(0x0000000c82400000,0x0000000c82500000)]
  0x0000016c2e9096d0 JavaThread "Unconstrained build operations Thread 12" [_thread_blocked, id=17352, stack(0x0000000c82500000,0x0000000c82600000)]
  0x0000016c2e90aee0 JavaThread "Unconstrained build operations Thread 13" [_thread_blocked, id=14408, stack(0x0000000c82600000,0x0000000c82700000)]
  0x0000016c2e909ba0 JavaThread "Unconstrained build operations Thread 14" [_thread_blocked, id=15664, stack(0x0000000c82700000,0x0000000c82800000)]
  0x0000016c2e90b3b0 JavaThread "Unconstrained build operations Thread 15" [_thread_blocked, id=21128, stack(0x0000000c82800000,0x0000000c82900000)]
  0x0000016c2e90bd50 JavaThread "jar transforms Thread 9" [_thread_blocked, id=8080, stack(0x0000000c82900000,0x0000000c82a00000)]
  0x0000016c36eb37a0 JavaThread "jar transforms Thread 10" [_thread_blocked, id=15612, stack(0x0000000c82a00000,0x0000000c82b00000)]
  0x0000016c36eb2460 JavaThread "jar transforms Thread 11" [_thread_blocked, id=17448, stack(0x0000000c82b00000,0x0000000c82c00000)]
  0x0000016c36eb5480 JavaThread "jar transforms Thread 12" [_thread_blocked, id=15152, stack(0x0000000c82c00000,0x0000000c82d00000)]
  0x0000016c36eb4ae0 JavaThread "jar transforms Thread 13" [_thread_blocked, id=11104, stack(0x0000000c82d00000,0x0000000c82e00000)]
  0x0000016c36eb4fb0 JavaThread "jar transforms Thread 14" [_thread_blocked, id=13976, stack(0x0000000c82e00000,0x0000000c82f00000)]
  0x0000016c36eb5950 JavaThread "jar transforms Thread 15" [_thread_blocked, id=21496, stack(0x0000000c82f00000,0x0000000c83000000)]
  0x0000016c36eb84a0 JavaThread "jar transforms Thread 16" [_thread_blocked, id=12720, stack(0x0000000c83000000,0x0000000c83100000)]
  0x0000016c36eb32d0 JavaThread "build event listener" [_thread_blocked, id=10276, stack(0x0000000c81900000,0x0000000c81a00000)]
  0x0000016c36eb6c90 JavaThread "Memory manager" [_thread_blocked, id=15988, stack(0x0000000c83500000,0x0000000c83600000)]
  0x0000016c36eb67c0 JavaThread "build event listener" [_thread_blocked, id=8992, stack(0x0000000c83600000,0x0000000c83700000)]
  0x0000016c371a2810 JavaThread "C2 CompilerThread1" daemon [_thread_in_native, id=11004, stack(0x0000000c80b00000,0x0000000c80c00000)]
  0x0000016c336bd650 JavaThread "C2 CompilerThread2" daemon [_thread_in_native, id=18920, stack(0x0000000c81400000,0x0000000c81500000)]
  0x0000016c336ba3b0 JavaThread "C2 CompilerThread3" daemon [_thread_in_native, id=4568, stack(0x0000000c81800000,0x0000000c81900000)]
  0x0000016c336bb7f0 JavaThread "C2 CompilerThread4" daemon [_thread_in_native, id=7248, stack(0x0000000c83400000,0x0000000c83500000)]
=>0x0000016c39c01f10 JavaThread "C2 CompilerThread5" daemon [_thread_in_native, id=16816, stack(0x0000000c83700000,0x0000000c83800000)]

Other Threads:
  0x0000016c2e0ee220 VMThread "VM Thread" [stack: 0x0000000cfd700000,0x0000000cfd800000] [id=20672]
  0x0000016c13778800 WatcherThread [stack: 0x0000000cfe500000,0x0000000cfe600000] [id=8292]
  0x0000016c13756bc0 GCTaskThread "GC Thread#0" [stack: 0x0000000cfd200000,0x0000000cfd300000] [id=19124]
  0x0000016c33e626c0 GCTaskThread "GC Thread#1" [stack: 0x0000000cfea00000,0x0000000cfeb00000] [id=2128]
  0x0000016c33aeb700 GCTaskThread "GC Thread#2" [stack: 0x0000000cfeb00000,0x0000000cfec00000] [id=20900]
  0x0000016c33fae880 GCTaskThread "GC Thread#3" [stack: 0x0000000cfec00000,0x0000000cfed00000] [id=11096]
  0x0000016c33faeb30 GCTaskThread "GC Thread#4" [stack: 0x0000000cfed00000,0x0000000cfee00000] [id=15104]
  0x0000016c34819260 GCTaskThread "GC Thread#5" [stack: 0x0000000cff600000,0x0000000cff700000] [id=3796]
  0x0000016c33c077e0 GCTaskThread "GC Thread#6" [stack: 0x0000000cff700000,0x0000000cff800000] [id=19884]
  0x0000016c350a0ca0 GCTaskThread "GC Thread#7" [stack: 0x0000000cff800000,0x0000000cff900000] [id=8356]
  0x0000016c34246980 GCTaskThread "GC Thread#8" [stack: 0x0000000cff900000,0x0000000cffa00000] [id=6720]
  0x0000016c3438fd80 GCTaskThread "GC Thread#9" [stack: 0x0000000cffa00000,0x0000000cffb00000] [id=10832]
  0x0000016c34bfa290 GCTaskThread "GC Thread#10" [stack: 0x0000000cffb00000,0x0000000cffc00000] [id=21256]
  0x0000016c34bf10a0 GCTaskThread "GC Thread#11" [stack: 0x0000000cffc00000,0x0000000cffd00000] [id=5248]
  0x0000016c34bf0330 GCTaskThread "GC Thread#12" [stack: 0x0000000cffd00000,0x0000000cffe00000] [id=15436]
  0x0000016c13767b00 ConcurrentGCThread "G1 Main Marker" [stack: 0x0000000cfd300000,0x0000000cfd400000] [id=17508]
  0x0000016c13768510 ConcurrentGCThread "G1 Conc#0" [stack: 0x0000000cfd400000,0x0000000cfd500000] [id=9960]
  0x0000016c34bf05e0 ConcurrentGCThread "G1 Conc#1" [stack: 0x0000000cffe00000,0x0000000cfff00000] [id=7428]
  0x0000016c34bf18b0 ConcurrentGCThread "G1 Conc#2" [stack: 0x0000000cfff00000,0x0000000d00000000] [id=10764]
  0x0000016c137beb90 ConcurrentGCThread "G1 Refine#0" [stack: 0x0000000cfd500000,0x0000000cfd600000] [id=17556]
  0x0000016c34b77420 ConcurrentGCThread "G1 Refine#1" [stack: 0x0000000c83100000,0x0000000c83200000] [id=9356]
  0x0000016c34b74be0 ConcurrentGCThread "G1 Refine#2" [stack: 0x0000000c83200000,0x0000000c83300000] [id=20248]
  0x0000016c34b779e0 ConcurrentGCThread "G1 Refine#3" [stack: 0x0000000c83300000,0x0000000c83400000] [id=6548]
  0x0000016c2df80830 ConcurrentGCThread "G1 Service" [stack: 0x0000000cfd600000,0x0000000cfd700000] [id=14428]

Threads with active compile tasks:
C2 CompilerThread0    15401 10783       4       java.beans.Introspector::addMethod (196 bytes)
C1 CompilerThread0    15401 10829       3       org.gradle.internal.classloader.TransformErrorHandler::exitClassLoadingScopeWithException (31 bytes)
C1 CompilerThread3    15401 10830       3       java.util.TimSort::gallopRight (335 bytes)
C2 CompilerThread1    15402 10671       4       groovy.lang.MetaClassImpl$1MOPIter::methodNameAction (325 bytes)
C2 CompilerThread2    15402 10622       4       org.gradle.internal.service.DefaultServiceRegistry$SingletonService::get (5 bytes)
C2 CompilerThread3    15402 10806       4       com.sun.beans.TypeResolver::resolve (37 bytes)
C2 CompilerThread4    15402 10726       4       groovy.lang.MetaClassImpl::addMetaMethodToIndex (65 bytes)
C2 CompilerThread5    15402 10727       4       groovy.lang.MetaClassImpl::checkIfStdMethod (178 bytes)

VM state: not at safepoint (normal execution)

VM Mutex/Monitor currently owned by a thread: None

Heap address: 0x0000000080000000, size: 2048 MB, Compressed Oops mode: 32-bit

CDS archive(s) not mapped
Compressed class space mapped at: 0x0000000100000000-0x0000000140000000, reserved size: 1073741824
Narrow klass base: 0x0000000000000000, Narrow klass shift: 3, Narrow klass range: 0x140000000

GC Precious Log:
 CPUs: 16 total, 16 available
 Memory: 15709M
 Large Page Support: Disabled
 NUMA Support: Disabled
 Compressed Oops: Enabled (32-bit)
 Heap Region Size: 1M
 Heap Min Capacity: 8M
 Heap Initial Capacity: 246M
 Heap Max Capacity: 2G
 Pre-touch: Disabled
 Parallel Workers: 13
 Concurrent Workers: 3
 Concurrent Refinement Workers: 13
 Periodic GC: Disabled

Heap:
 garbage-first heap   total 264192K, used 173603K [0x0000000080000000, 0x0000000100000000)
  region size 1024K, 98 young (100352K), 14 survivors (14336K)
 Metaspace       used 96420K, committed 97088K, reserved 1179648K
  class space    used 13255K, committed 13568K, reserved 1048576K

Heap Regions: E=young(eden), S=young(survivor), O=old, HS=humongous(starts), HC=humongous(continues), CS=collection set, F=free, OA=open archive, CA=closed archive, TAMS=top-at-mark-start (previous, next)
|   0|0x0000000080000000, 0x0000000080100000, 0x0000000080100000|100%|HS|  |TAMS 0x0000000080100000, 0x0000000080000000| Complete 
|   1|0x0000000080100000, 0x0000000080200000, 0x0000000080200000|100%|HC|  |TAMS 0x0000000080200000, 0x0000000080100000| Complete 
|   2|0x0000000080200000, 0x0000000080300000, 0x0000000080300000|100%|HC|  |TAMS 0x0000000080300000, 0x0000000080200000| Complete 
|   3|0x0000000080300000, 0x0000000080400000, 0x0000000080400000|100%|HC|  |TAMS 0x0000000080400000, 0x0000000080300000| Complete 
|   4|0x0000000080400000, 0x0000000080500000, 0x0000000080500000|100%| O|  |TAMS 0x0000000080500000, 0x0000000080400000| Untracked 
|   5|0x0000000080500000, 0x0000000080600000, 0x0000000080600000|100%| O|  |TAMS 0x0000000080600000, 0x0000000080500000| Untracked 
|   6|0x0000000080600000, 0x0000000080700000, 0x0000000080700000|100%| O|  |TAMS 0x0000000080700000, 0x0000000080600000| Untracked 
|   7|0x0000000080700000, 0x0000000080800000, 0x0000000080800000|100%| O|  |TAMS 0x0000000080800000, 0x0000000080700000| Untracked 
|   8|0x0000000080800000, 0x0000000080900000, 0x0000000080900000|100%| O|  |TAMS 0x0000000080900000, 0x0000000080800000| Untracked 
|   9|0x0000000080900000, 0x0000000080a00000, 0x0000000080a00000|100%| O|  |TAMS 0x0000000080a00000, 0x0000000080900000| Untracked 
|  10|0x0000000080a00000, 0x0000000080b00000, 0x0000000080b00000|100%| O|  |TAMS 0x0000000080b00000, 0x0000000080a00000| Untracked 
|  11|0x0000000080b00000, 0x0000000080c00000, 0x0000000080c00000|100%| O|  |TAMS 0x0000000080c00000, 0x0000000080b00000| Untracked 
|  12|0x0000000080c00000, 0x0000000080d00000, 0x0000000080d00000|100%| O|  |TAMS 0x0000000080d00000, 0x0000000080c00000| Untracked 
|  13|0x0000000080d00000, 0x0000000080e00000, 0x0000000080e00000|100%| O|  |TAMS 0x0000000080e00000, 0x0000000080d00000| Untracked 
|  14|0x0000000080e00000, 0x0000000080f00000, 0x0000000080f00000|100%| O|  |TAMS 0x0000000080f00000, 0x0000000080e00000| Untracked 
|  15|0x0000000080f00000, 0x0000000081000000, 0x0000000081000000|100%| O|  |TAMS 0x0000000081000000, 0x0000000080f00000| Untracked 
|  16|0x0000000081000000, 0x0000000081100000, 0x0000000081100000|100%| O|  |TAMS 0x0000000081100000, 0x0000000081000000| Untracked 
|  17|0x0000000081100000, 0x0000000081200000, 0x0000000081200000|100%| O|  |TAMS 0x0000000081200000, 0x0000000081100000| Untracked 
|  18|0x0000000081200000, 0x0000000081300000, 0x0000000081300000|100%| O|  |TAMS 0x0000000081300000, 0x0000000081200000| Untracked 
|  19|0x0000000081300000, 0x0000000081400000, 0x0000000081400000|100%| O|  |TAMS 0x0000000081400000, 0x0000000081300000| Untracked 
|  20|0x0000000081400000, 0x0000000081500000, 0x0000000081500000|100%| O|  |TAMS 0x0000000081500000, 0x0000000081400000| Untracked 
|  21|0x0000000081500000, 0x0000000081600000, 0x0000000081600000|100%| O|  |TAMS 0x0000000081600000, 0x0000000081500000| Untracked 
|  22|0x0000000081600000, 0x0000000081600000, 0x0000000081700000|  0%| F|  |TAMS 0x0000000081600000, 0x0000000081600000| Untracked 
|  23|0x0000000081700000, 0x0000000081800000, 0x0000000081800000|100%| O|  |TAMS 0x0000000081800000, 0x0000000081700000| Untracked 
|  24|0x0000000081800000, 0x0000000081900000, 0x0000000081900000|100%| O|  |TAMS 0x0000000081900000, 0x0000000081800000| Untracked 
|  25|0x0000000081900000, 0x0000000081a00000, 0x0000000081a00000|100%|HS|  |TAMS 0x0000000081a00000, 0x0000000081900000| Complete 
|  26|0x0000000081a00000, 0x0000000081b00000, 0x0000000081b00000|100%| O|  |TAMS 0x0000000081b00000, 0x0000000081a00000| Untracked 
|  27|0x0000000081b00000, 0x0000000081c00000, 0x0000000081c00000|100%| O|  |TAMS 0x0000000081c00000, 0x0000000081b00000| Untracked 
|  28|0x0000000081c00000, 0x0000000081d00000, 0x0000000081d00000|100%| O|  |TAMS 0x0000000081d00000, 0x0000000081c00000| Untracked 
|  29|0x0000000081d00000, 0x0000000081e00000, 0x0000000081e00000|100%| O|  |TAMS 0x0000000081e00000, 0x0000000081d00000| Untracked 
|  30|0x0000000081e00000, 0x0000000081f00000, 0x0000000081f00000|100%| O|  |TAMS 0x0000000081f00000, 0x0000000081e00000| Untracked 
|  31|0x0000000081f00000, 0x0000000082000000, 0x0000000082000000|100%| O|  |TAMS 0x0000000082000000, 0x0000000081f00000| Untracked 
|  32|0x0000000082000000, 0x0000000082100000, 0x0000000082100000|100%| O|  |TAMS 0x0000000082100000, 0x0000000082000000| Untracked 
|  33|0x0000000082100000, 0x0000000082200000, 0x0000000082200000|100%|HS|  |TAMS 0x0000000082200000, 0x0000000082100000| Complete 
|  34|0x0000000082200000, 0x0000000082300000, 0x0000000082300000|100%|HS|  |TAMS 0x0000000082300000, 0x0000000082200000| Complete 
|  35|0x0000000082300000, 0x0000000082400000, 0x0000000082400000|100%|HC|  |TAMS 0x0000000082400000, 0x0000000082300000| Complete 
|  36|0x0000000082400000, 0x0000000082500000, 0x0000000082500000|100%|HS|  |TAMS 0x0000000082500000, 0x0000000082400000| Complete 
|  37|0x0000000082500000, 0x0000000082600000, 0x0000000082600000|100%|HC|  |TAMS 0x0000000082600000, 0x0000000082500000| Complete 
|  38|0x0000000082600000, 0x0000000082700000, 0x0000000082700000|100%| O|  |TAMS 0x0000000082700000, 0x0000000082600000| Untracked 
|  39|0x0000000082700000, 0x0000000082800000, 0x0000000082800000|100%| O|  |TAMS 0x0000000082800000, 0x0000000082700000| Untracked 
|  40|0x0000000082800000, 0x0000000082900000, 0x0000000082900000|100%| O|  |TAMS 0x0000000082900000, 0x0000000082800000| Untracked 
|  41|0x0000000082900000, 0x0000000082a00000, 0x0000000082a00000|100%| O|  |TAMS 0x0000000082a00000, 0x0000000082900000| Untracked 
|  42|0x0000000082a00000, 0x0000000082b00000, 0x0000000082b00000|100%| O|  |TAMS 0x0000000082b00000, 0x0000000082a00000| Untracked 
|  43|0x0000000082b00000, 0x0000000082c00000, 0x0000000082c00000|100%| O|  |TAMS 0x0000000082c00000, 0x0000000082b00000| Untracked 
|  44|0x0000000082c00000, 0x0000000082d00000, 0x0000000082d00000|100%|HS|  |TAMS 0x0000000082d00000, 0x0000000082c00000| Complete 
|  45|0x0000000082d00000, 0x0000000082e00000, 0x0000000082e00000|100%| O|  |TAMS 0x0000000082e00000, 0x0000000082d00000| Untracked 
|  46|0x0000000082e00000, 0x0000000082f00000, 0x0000000082f00000|100%| O|  |TAMS 0x0000000082f00000, 0x0000000082e00000| Untracked 
|  47|0x0000000082f00000, 0x0000000083000000, 0x0000000083000000|100%|HS|  |TAMS 0x0000000083000000, 0x0000000082f00000| Complete 
|  48|0x0000000083000000, 0x0000000083100000, 0x0000000083100000|100%|HC|  |TAMS 0x0000000083100000, 0x0000000083000000| Complete 
|  49|0x0000000083100000, 0x0000000083200000, 0x0000000083200000|100%|HC|  |TAMS 0x0000000083200000, 0x0000000083100000| Complete 
|  50|0x0000000083200000, 0x0000000083300000, 0x0000000083300000|100%|HC|  |TAMS 0x0000000083300000, 0x0000000083200000| Complete 
|  51|0x0000000083300000, 0x0000000083400000, 0x0000000083400000|100%| O|  |TAMS 0x0000000083300000, 0x0000000083300000| Untracked 
|  52|0x0000000083400000, 0x0000000083500000, 0x0000000083500000|100%| O|  |TAMS 0x0000000083500000, 0x0000000083400000| Untracked 
|  53|0x0000000083500000, 0x0000000083600000, 0x0000000083600000|100%| O|  |TAMS 0x0000000083600000, 0x0000000083500000| Untracked 
|  54|0x0000000083600000, 0x0000000083700000, 0x0000000083700000|100%|HS|  |TAMS 0x0000000083700000, 0x0000000083600000| Complete 
|  55|0x0000000083700000, 0x0000000083800000, 0x0000000083800000|100%|HS|  |TAMS 0x0000000083800000, 0x0000000083700000| Complete 
|  56|0x0000000083800000, 0x0000000083900000, 0x0000000083900000|100%| O|  |TAMS 0x0000000083900000, 0x0000000083800000| Untracked 
|  57|0x0000000083900000, 0x0000000083a00000, 0x0000000083a00000|100%| O|  |TAMS 0x0000000083a00000, 0x0000000083900000| Untracked 
|  58|0x0000000083a00000, 0x0000000083b00000, 0x0000000083b00000|100%| O|  |TAMS 0x0000000083b00000, 0x0000000083a00000| Untracked 
|  59|0x0000000083b00000, 0x0000000083c00000, 0x0000000083c00000|100%| O|  |TAMS 0x0000000083c00000, 0x0000000083b00000| Untracked 
|  60|0x0000000083c00000, 0x0000000083d00000, 0x0000000083d00000|100%| O|  |TAMS 0x0000000083d00000, 0x0000000083c00000| Untracked 
|  61|0x0000000083d00000, 0x0000000083e00000, 0x0000000083e00000|100%| O|  |TAMS 0x0000000083e00000, 0x0000000083d00000| Untracked 
|  62|0x0000000083e00000, 0x0000000083f00000, 0x0000000083f00000|100%| O|  |TAMS 0x0000000083f00000, 0x0000000083e00000| Untracked 
|  63|0x0000000083f00000, 0x0000000084000000, 0x0000000084000000|100%| O|  |TAMS 0x0000000084000000, 0x0000000083f00000| Untracked 
|  64|0x0000000084000000, 0x0000000084100000, 0x0000000084100000|100%| O|  |TAMS 0x0000000084100000, 0x0000000084000000| Untracked 
|  65|0x0000000084100000, 0x0000000084200000, 0x0000000084200000|100%| O|  |TAMS 0x0000000084200000, 0x0000000084100000| Untracked 
|  66|0x0000000084200000, 0x0000000084300000, 0x0000000084300000|100%| O|  |TAMS 0x00000000842ae800, 0x0000000084200000| Untracked 
|  67|0x0000000084300000, 0x0000000084400000, 0x0000000084400000|100%|HS|  |TAMS 0x0000000084300000, 0x0000000084300000| Complete 
|  68|0x0000000084400000, 0x0000000084500000, 0x0000000084500000|100%|HC|  |TAMS 0x0000000084400000, 0x0000000084400000| Complete 
|  69|0x0000000084500000, 0x0000000084600000, 0x0000000084600000|100%|HC|  |TAMS 0x0000000084500000, 0x0000000084500000| Complete 
|  70|0x0000000084600000, 0x0000000084700000, 0x0000000084700000|100%|HC|  |TAMS 0x0000000084600000, 0x0000000084600000| Complete 
|  71|0x0000000084700000, 0x0000000084800000, 0x0000000084800000|100%| O|  |TAMS 0x0000000084700000, 0x0000000084700000| Untracked 
|  72|0x0000000084800000, 0x0000000084900000, 0x0000000084900000|100%| O|  |TAMS 0x0000000084800000, 0x0000000084800000| Untracked 
|  73|0x0000000084900000, 0x0000000084a00000, 0x0000000084a00000|100%| O|  |TAMS 0x0000000084900000, 0x0000000084900000| Untracked 
|  74|0x0000000084a00000, 0x0000000084a01a00, 0x0000000084b00000|  0%| O|  |TAMS 0x0000000084a00000, 0x0000000084a00000| Untracked 
|  75|0x0000000084b00000, 0x0000000084b00000, 0x0000000084c00000|  0%| F|  |TAMS 0x0000000084b00000, 0x0000000084b00000| Untracked 
|  76|0x0000000084c00000, 0x0000000084c00000, 0x0000000084d00000|  0%| F|  |TAMS 0x0000000084c00000, 0x0000000084c00000| Untracked 
|  77|0x0000000084d00000, 0x0000000084d00000, 0x0000000084e00000|  0%| F|  |TAMS 0x0000000084d00000, 0x0000000084d00000| Untracked 
|  78|0x0000000084e00000, 0x0000000084e00000, 0x0000000084f00000|  0%| F|  |TAMS 0x0000000084e00000, 0x0000000084e00000| Untracked 
|  79|0x0000000084f00000, 0x0000000084f00000, 0x0000000085000000|  0%| F|  |TAMS 0x0000000084f00000, 0x0000000084f00000| Untracked 
|  80|0x0000000085000000, 0x0000000085000000, 0x0000000085100000|  0%| F|  |TAMS 0x0000000085000000, 0x0000000085000000| Untracked 
|  81|0x0000000085100000, 0x0000000085100000, 0x0000000085200000|  0%| F|  |TAMS 0x0000000085100000, 0x0000000085100000| Untracked 
|  82|0x0000000085200000, 0x0000000085200000, 0x0000000085300000|  0%| F|  |TAMS 0x0000000085200000, 0x0000000085200000| Untracked 
|  83|0x0000000085300000, 0x0000000085300000, 0x0000000085400000|  0%| F|  |TAMS 0x0000000085300000, 0x0000000085300000| Untracked 
|  84|0x0000000085400000, 0x0000000085400000, 0x0000000085500000|  0%| F|  |TAMS 0x0000000085400000, 0x0000000085400000| Untracked 
|  85|0x0000000085500000, 0x0000000085500000, 0x0000000085600000|  0%| F|  |TAMS 0x0000000085500000, 0x0000000085500000| Untracked 
|  86|0x0000000085600000, 0x0000000085600000, 0x0000000085700000|  0%| F|  |TAMS 0x0000000085600000, 0x0000000085600000| Untracked 
|  87|0x0000000085700000, 0x0000000085700000, 0x0000000085800000|  0%| F|  |TAMS 0x0000000085700000, 0x0000000085700000| Untracked 
|  88|0x0000000085800000, 0x0000000085800000, 0x0000000085900000|  0%| F|  |TAMS 0x0000000085800000, 0x0000000085800000| Untracked 
|  89|0x0000000085900000, 0x0000000085900000, 0x0000000085a00000|  0%| F|  |TAMS 0x0000000085900000, 0x0000000085900000| Untracked 
|  90|0x0000000085a00000, 0x0000000085a00000, 0x0000000085b00000|  0%| F|  |TAMS 0x0000000085a00000, 0x0000000085a00000| Untracked 
|  91|0x0000000085b00000, 0x0000000085b00000, 0x0000000085c00000|  0%| F|  |TAMS 0x0000000085b00000, 0x0000000085b00000| Untracked 
|  92|0x0000000085c00000, 0x0000000085c00000, 0x0000000085d00000|  0%| F|  |TAMS 0x0000000085c00000, 0x0000000085c00000| Untracked 
|  93|0x0000000085d00000, 0x0000000085d00000, 0x0000000085e00000|  0%| F|  |TAMS 0x0000000085d00000, 0x0000000085d00000| Untracked 
|  94|0x0000000085e00000, 0x0000000085e00000, 0x0000000085f00000|  0%| F|  |TAMS 0x0000000085e00000, 0x0000000085e00000| Untracked 
|  95|0x0000000085f00000, 0x0000000085f00000, 0x0000000086000000|  0%| F|  |TAMS 0x0000000085f00000, 0x0000000085f00000| Untracked 
|  96|0x0000000086000000, 0x0000000086000000, 0x0000000086100000|  0%| F|  |TAMS 0x0000000086000000, 0x0000000086000000| Untracked 
|  97|0x0000000086100000, 0x0000000086100000, 0x0000000086200000|  0%| F|  |TAMS 0x0000000086100000, 0x0000000086100000| Untracked 
|  98|0x0000000086200000, 0x0000000086200000, 0x0000000086300000|  0%| F|  |TAMS 0x0000000086200000, 0x0000000086200000| Untracked 
|  99|0x0000000086300000, 0x0000000086300000, 0x0000000086400000|  0%| F|  |TAMS 0x0000000086300000, 0x0000000086300000| Untracked 
| 100|0x0000000086400000, 0x0000000086400000, 0x0000000086500000|  0%| F|  |TAMS 0x0000000086400000, 0x0000000086400000| Untracked 
| 101|0x0000000086500000, 0x0000000086500000, 0x0000000086600000|  0%| F|  |TAMS 0x0000000086500000, 0x0000000086500000| Untracked 
| 102|0x0000000086600000, 0x0000000086600000, 0x0000000086700000|  0%| F|  |TAMS 0x0000000086600000, 0x0000000086600000| Untracked 
| 103|0x0000000086700000, 0x0000000086700000, 0x0000000086800000|  0%| F|  |TAMS 0x0000000086700000, 0x0000000086700000| Untracked 
| 104|0x0000000086800000, 0x0000000086800000, 0x0000000086900000|  0%| F|  |TAMS 0x0000000086800000, 0x0000000086800000| Untracked 
| 105|0x0000000086900000, 0x0000000086900000, 0x0000000086a00000|  0%| F|  |TAMS 0x0000000086900000, 0x0000000086900000| Untracked 
| 106|0x0000000086a00000, 0x0000000086a00000, 0x0000000086b00000|  0%| F|  |TAMS 0x0000000086a00000, 0x0000000086a00000| Untracked 
| 107|0x0000000086b00000, 0x0000000086b00000, 0x0000000086c00000|  0%| F|  |TAMS 0x0000000086b00000, 0x0000000086b00000| Untracked 
| 108|0x0000000086c00000, 0x0000000086c00000, 0x0000000086d00000|  0%| F|  |TAMS 0x0000000086c00000, 0x0000000086c00000| Untracked 
| 109|0x0000000086d00000, 0x0000000086d00000, 0x0000000086e00000|  0%| F|  |TAMS 0x0000000086d00000, 0x0000000086d00000| Untracked 
| 110|0x0000000086e00000, 0x0000000086e00000, 0x0000000086f00000|  0%| F|  |TAMS 0x0000000086e00000, 0x0000000086e00000| Untracked 
| 111|0x0000000086f00000, 0x0000000086f00000, 0x0000000087000000|  0%| F|  |TAMS 0x0000000086f00000, 0x0000000086f00000| Untracked 
| 112|0x0000000087000000, 0x0000000087000000, 0x0000000087100000|  0%| F|  |TAMS 0x0000000087000000, 0x0000000087000000| Untracked 
| 113|0x0000000087100000, 0x0000000087100000, 0x0000000087200000|  0%| F|  |TAMS 0x0000000087100000, 0x0000000087100000| Untracked 
| 114|0x0000000087200000, 0x0000000087200000, 0x0000000087300000|  0%| F|  |TAMS 0x0000000087200000, 0x0000000087200000| Untracked 
| 115|0x0000000087300000, 0x0000000087300000, 0x0000000087400000|  0%| F|  |TAMS 0x0000000087300000, 0x0000000087300000| Untracked 
| 116|0x0000000087400000, 0x0000000087400000, 0x0000000087500000|  0%| F|  |TAMS 0x0000000087400000, 0x0000000087400000| Untracked 
| 117|0x0000000087500000, 0x0000000087500000, 0x0000000087600000|  0%| F|  |TAMS 0x0000000087500000, 0x0000000087500000| Untracked 
| 118|0x0000000087600000, 0x0000000087600000, 0x0000000087700000|  0%| F|  |TAMS 0x0000000087600000, 0x0000000087600000| Untracked 
| 119|0x0000000087700000, 0x0000000087700000, 0x0000000087800000|  0%| F|  |TAMS 0x0000000087700000, 0x0000000087700000| Untracked 
| 120|0x0000000087800000, 0x0000000087800000, 0x0000000087900000|  0%| F|  |TAMS 0x0000000087800000, 0x0000000087800000| Untracked 
| 121|0x0000000087900000, 0x0000000087900000, 0x0000000087a00000|  0%| F|  |TAMS 0x0000000087900000, 0x0000000087900000| Untracked 
| 122|0x0000000087a00000, 0x0000000087a00000, 0x0000000087b00000|  0%| F|  |TAMS 0x0000000087a00000, 0x0000000087a00000| Untracked 
| 123|0x0000000087b00000, 0x0000000087b873c0, 0x0000000087c00000| 52%| S|CS|TAMS 0x0000000087b00000, 0x0000000087b00000| Complete 
| 124|0x0000000087c00000, 0x0000000087d00000, 0x0000000087d00000|100%| S|CS|TAMS 0x0000000087c00000, 0x0000000087c00000| Complete 
| 125|0x0000000087d00000, 0x0000000087e00000, 0x0000000087e00000|100%| S|CS|TAMS 0x0000000087d00000, 0x0000000087d00000| Complete 
| 126|0x0000000087e00000, 0x0000000087f00000, 0x0000000087f00000|100%| S|CS|TAMS 0x0000000087e00000, 0x0000000087e00000| Complete 
| 127|0x0000000087f00000, 0x0000000088000000, 0x0000000088000000|100%| S|CS|TAMS 0x0000000087f00000, 0x0000000087f00000| Complete 
| 128|0x0000000088000000, 0x0000000088100000, 0x0000000088100000|100%| S|CS|TAMS 0x0000000088000000, 0x0000000088000000| Complete 
| 129|0x0000000088100000, 0x0000000088200000, 0x0000000088200000|100%| S|CS|TAMS 0x0000000088100000, 0x0000000088100000| Complete 
| 130|0x0000000088200000, 0x0000000088300000, 0x0000000088300000|100%| S|CS|TAMS 0x0000000088200000, 0x0000000088200000| Complete 
| 131|0x0000000088300000, 0x0000000088400000, 0x0000000088400000|100%| S|CS|TAMS 0x0000000088300000, 0x0000000088300000| Complete 
| 132|0x0000000088400000, 0x0000000088500000, 0x0000000088500000|100%| S|CS|TAMS 0x0000000088400000, 0x0000000088400000| Complete 
| 133|0x0000000088500000, 0x0000000088600000, 0x0000000088600000|100%| S|CS|TAMS 0x0000000088500000, 0x0000000088500000| Complete 
| 134|0x0000000088600000, 0x0000000088700000, 0x0000000088700000|100%| S|CS|TAMS 0x0000000088600000, 0x0000000088600000| Complete 
| 135|0x0000000088700000, 0x0000000088800000, 0x0000000088800000|100%| S|CS|TAMS 0x0000000088700000, 0x0000000088700000| Complete 
| 136|0x0000000088800000, 0x0000000088900000, 0x0000000088900000|100%| S|CS|TAMS 0x0000000088800000, 0x0000000088800000| Complete 
| 137|0x0000000088900000, 0x0000000088900000, 0x0000000088a00000|  0%| F|  |TAMS 0x0000000088900000, 0x0000000088900000| Untracked 
| 138|0x0000000088a00000, 0x0000000088a00000, 0x0000000088b00000|  0%| F|  |TAMS 0x0000000088a00000, 0x0000000088a00000| Untracked 
| 139|0x0000000088b00000, 0x0000000088b00000, 0x0000000088c00000|  0%| F|  |TAMS 0x0000000088b00000, 0x0000000088b00000| Untracked 
| 140|0x0000000088c00000, 0x0000000088c00000, 0x0000000088d00000|  0%| F|  |TAMS 0x0000000088c00000, 0x0000000088c00000| Untracked 
| 141|0x0000000088d00000, 0x0000000088d00000, 0x0000000088e00000|  0%| F|  |TAMS 0x0000000088d00000, 0x0000000088d00000| Untracked 
| 142|0x0000000088e00000, 0x0000000088e00000, 0x0000000088f00000|  0%| F|  |TAMS 0x0000000088e00000, 0x0000000088e00000| Untracked 
| 143|0x0000000088f00000, 0x0000000088f00000, 0x0000000089000000|  0%| F|  |TAMS 0x0000000088f00000, 0x0000000088f00000| Untracked 
| 144|0x0000000089000000, 0x0000000089000000, 0x0000000089100000|  0%| F|  |TAMS 0x0000000089000000, 0x0000000089000000| Untracked 
| 145|0x0000000089100000, 0x0000000089100000, 0x0000000089200000|  0%| F|  |TAMS 0x0000000089100000, 0x0000000089100000| Untracked 
| 146|0x0000000089200000, 0x0000000089200000, 0x0000000089300000|  0%| F|  |TAMS 0x0000000089200000, 0x0000000089200000| Untracked 
| 147|0x0000000089300000, 0x0000000089300000, 0x0000000089400000|  0%| F|  |TAMS 0x0000000089300000, 0x0000000089300000| Untracked 
| 148|0x0000000089400000, 0x0000000089400000, 0x0000000089500000|  0%| F|  |TAMS 0x0000000089400000, 0x0000000089400000| Untracked 
| 149|0x0000000089500000, 0x0000000089500000, 0x0000000089600000|  0%| F|  |TAMS 0x0000000089500000, 0x0000000089500000| Untracked 
| 150|0x0000000089600000, 0x0000000089600000, 0x0000000089700000|  0%| F|  |TAMS 0x0000000089600000, 0x0000000089600000| Untracked 
| 151|0x0000000089700000, 0x0000000089700000, 0x0000000089800000|  0%| F|  |TAMS 0x0000000089700000, 0x0000000089700000| Untracked 
| 152|0x0000000089800000, 0x0000000089800000, 0x0000000089900000|  0%| F|  |TAMS 0x0000000089800000, 0x0000000089800000| Untracked 
| 153|0x0000000089900000, 0x0000000089900000, 0x0000000089a00000|  0%| F|  |TAMS 0x0000000089900000, 0x0000000089900000| Untracked 
| 154|0x0000000089a00000, 0x0000000089a00000, 0x0000000089b00000|  0%| F|  |TAMS 0x0000000089a00000, 0x0000000089a00000| Untracked 
| 155|0x0000000089b00000, 0x0000000089b00000, 0x0000000089c00000|  0%| F|  |TAMS 0x0000000089b00000, 0x0000000089b00000| Untracked 
| 156|0x0000000089c00000, 0x0000000089c00000, 0x0000000089d00000|  0%| F|  |TAMS 0x0000000089c00000, 0x0000000089c00000| Untracked 
| 157|0x0000000089d00000, 0x0000000089d00000, 0x0000000089e00000|  0%| F|  |TAMS 0x0000000089d00000, 0x0000000089d00000| Untracked 
| 158|0x0000000089e00000, 0x0000000089e00000, 0x0000000089f00000|  0%| F|  |TAMS 0x0000000089e00000, 0x0000000089e00000| Untracked 
| 159|0x0000000089f00000, 0x0000000089f00000, 0x000000008a000000|  0%| F|  |TAMS 0x0000000089f00000, 0x0000000089f00000| Untracked 
| 160|0x000000008a000000, 0x000000008a000000, 0x000000008a100000|  0%| F|  |TAMS 0x000000008a000000, 0x000000008a000000| Untracked 
| 161|0x000000008a100000, 0x000000008a100000, 0x000000008a200000|  0%| F|  |TAMS 0x000000008a100000, 0x000000008a100000| Untracked 
| 162|0x000000008a200000, 0x000000008a200000, 0x000000008a300000|  0%| F|  |TAMS 0x000000008a200000, 0x000000008a200000| Untracked 
| 163|0x000000008a300000, 0x000000008a300000, 0x000000008a400000|  0%| F|  |TAMS 0x000000008a300000, 0x000000008a300000| Untracked 
| 164|0x000000008a400000, 0x000000008a400000, 0x000000008a500000|  0%| F|  |TAMS 0x000000008a400000, 0x000000008a400000| Untracked 
| 165|0x000000008a500000, 0x000000008a500000, 0x000000008a600000|  0%| F|  |TAMS 0x000000008a500000, 0x000000008a500000| Untracked 
| 166|0x000000008a600000, 0x000000008a600000, 0x000000008a700000|  0%| F|  |TAMS 0x000000008a600000, 0x000000008a600000| Untracked 
| 167|0x000000008a700000, 0x000000008a700000, 0x000000008a800000|  0%| F|  |TAMS 0x000000008a700000, 0x000000008a700000| Untracked 
| 168|0x000000008a800000, 0x000000008a800000, 0x000000008a900000|  0%| F|  |TAMS 0x000000008a800000, 0x000000008a800000| Untracked 
| 169|0x000000008a900000, 0x000000008a900000, 0x000000008aa00000|  0%| F|  |TAMS 0x000000008a900000, 0x000000008a900000| Untracked 
| 170|0x000000008aa00000, 0x000000008aa00000, 0x000000008ab00000|  0%| F|  |TAMS 0x000000008aa00000, 0x000000008aa00000| Untracked 
| 171|0x000000008ab00000, 0x000000008ab00000, 0x000000008ac00000|  0%| F|  |TAMS 0x000000008ab00000, 0x000000008ab00000| Untracked 
| 172|0x000000008ac00000, 0x000000008ac00000, 0x000000008ad00000|  0%| F|  |TAMS 0x000000008ac00000, 0x000000008ac00000| Untracked 
| 173|0x000000008ad00000, 0x000000008ae00000, 0x000000008ae00000|100%| E|  |TAMS 0x000000008ad00000, 0x000000008ad00000| Complete 
| 174|0x000000008ae00000, 0x000000008af00000, 0x000000008af00000|100%| E|CS|TAMS 0x000000008ae00000, 0x000000008ae00000| Complete 
| 175|0x000000008af00000, 0x000000008b000000, 0x000000008b000000|100%| E|CS|TAMS 0x000000008af00000, 0x000000008af00000| Complete 
| 176|0x000000008b000000, 0x000000008b100000, 0x000000008b100000|100%| E|CS|TAMS 0x000000008b000000, 0x000000008b000000| Complete 
| 177|0x000000008b100000, 0x000000008b200000, 0x000000008b200000|100%| E|CS|TAMS 0x000000008b100000, 0x000000008b100000| Complete 
| 178|0x000000008b200000, 0x000000008b300000, 0x000000008b300000|100%| E|CS|TAMS 0x000000008b200000, 0x000000008b200000| Complete 
| 179|0x000000008b300000, 0x000000008b400000, 0x000000008b400000|100%| E|CS|TAMS 0x000000008b300000, 0x000000008b300000| Complete 
| 180|0x000000008b400000, 0x000000008b500000, 0x000000008b500000|100%| E|CS|TAMS 0x000000008b400000, 0x000000008b400000| Complete 
| 181|0x000000008b500000, 0x000000008b600000, 0x000000008b600000|100%| E|CS|TAMS 0x000000008b500000, 0x000000008b500000| Complete 
| 182|0x000000008b600000, 0x000000008b700000, 0x000000008b700000|100%| E|CS|TAMS 0x000000008b600000, 0x000000008b600000| Complete 
| 183|0x000000008b700000, 0x000000008b800000, 0x000000008b800000|100%| E|CS|TAMS 0x000000008b700000, 0x000000008b700000| Complete 
| 184|0x000000008b800000, 0x000000008b900000, 0x000000008b900000|100%| E|CS|TAMS 0x000000008b800000, 0x000000008b800000| Complete 
| 185|0x000000008b900000, 0x000000008ba00000, 0x000000008ba00000|100%| E|CS|TAMS 0x000000008b900000, 0x000000008b900000| Complete 
| 186|0x000000008ba00000, 0x000000008bb00000, 0x000000008bb00000|100%| E|CS|TAMS 0x000000008ba00000, 0x000000008ba00000| Complete 
| 187|0x000000008bb00000, 0x000000008bc00000, 0x000000008bc00000|100%| E|CS|TAMS 0x000000008bb00000, 0x000000008bb00000| Complete 
| 188|0x000000008bc00000, 0x000000008bd00000, 0x000000008bd00000|100%| E|CS|TAMS 0x000000008bc00000, 0x000000008bc00000| Complete 
| 189|0x000000008bd00000, 0x000000008be00000, 0x000000008be00000|100%| E|CS|TAMS 0x000000008bd00000, 0x000000008bd00000| Complete 
| 190|0x000000008be00000, 0x000000008bf00000, 0x000000008bf00000|100%| E|CS|TAMS 0x000000008be00000, 0x000000008be00000| Complete 
| 191|0x000000008bf00000, 0x000000008c000000, 0x000000008c000000|100%| E|CS|TAMS 0x000000008bf00000, 0x000000008bf00000| Complete 
| 192|0x000000008c000000, 0x000000008c100000, 0x000000008c100000|100%| E|CS|TAMS 0x000000008c000000, 0x000000008c000000| Complete 
| 193|0x000000008c100000, 0x000000008c200000, 0x000000008c200000|100%| E|CS|TAMS 0x000000008c100000, 0x000000008c100000| Complete 
| 194|0x000000008c200000, 0x000000008c300000, 0x000000008c300000|100%| E|CS|TAMS 0x000000008c200000, 0x000000008c200000| Complete 
| 195|0x000000008c300000, 0x000000008c400000, 0x000000008c400000|100%| E|CS|TAMS 0x000000008c300000, 0x000000008c300000| Complete 
| 196|0x000000008c400000, 0x000000008c500000, 0x000000008c500000|100%| E|CS|TAMS 0x000000008c400000, 0x000000008c400000| Complete 
| 197|0x000000008c500000, 0x000000008c600000, 0x000000008c600000|100%| E|CS|TAMS 0x000000008c500000, 0x000000008c500000| Complete 
| 198|0x000000008c600000, 0x000000008c700000, 0x000000008c700000|100%| E|CS|TAMS 0x000000008c600000, 0x000000008c600000| Complete 
| 199|0x000000008c700000, 0x000000008c800000, 0x000000008c800000|100%| E|CS|TAMS 0x000000008c700000, 0x000000008c700000| Complete 
| 200|0x000000008c800000, 0x000000008c900000, 0x000000008c900000|100%| E|CS|TAMS 0x000000008c800000, 0x000000008c800000| Complete 
| 201|0x000000008c900000, 0x000000008ca00000, 0x000000008ca00000|100%| E|CS|TAMS 0x000000008c900000, 0x000000008c900000| Complete 
| 202|0x000000008ca00000, 0x000000008cb00000, 0x000000008cb00000|100%| E|CS|TAMS 0x000000008ca00000, 0x000000008ca00000| Complete 
| 203|0x000000008cb00000, 0x000000008cc00000, 0x000000008cc00000|100%| E|CS|TAMS 0x000000008cb00000, 0x000000008cb00000| Complete 
| 204|0x000000008cc00000, 0x000000008cd00000, 0x000000008cd00000|100%| E|CS|TAMS 0x000000008cc00000, 0x000000008cc00000| Complete 
| 205|0x000000008cd00000, 0x000000008ce00000, 0x000000008ce00000|100%| E|CS|TAMS 0x000000008cd00000, 0x000000008cd00000| Complete 
| 206|0x000000008ce00000, 0x000000008cf00000, 0x000000008cf00000|100%| E|CS|TAMS 0x000000008ce00000, 0x000000008ce00000| Complete 
| 207|0x000000008cf00000, 0x000000008d000000, 0x000000008d000000|100%| E|CS|TAMS 0x000000008cf00000, 0x000000008cf00000| Complete 
| 208|0x000000008d000000, 0x000000008d100000, 0x000000008d100000|100%| E|CS|TAMS 0x000000008d000000, 0x000000008d000000| Complete 
| 209|0x000000008d100000, 0x000000008d200000, 0x000000008d200000|100%| E|CS|TAMS 0x000000008d100000, 0x000000008d100000| Complete 
| 210|0x000000008d200000, 0x000000008d300000, 0x000000008d300000|100%| E|CS|TAMS 0x000000008d200000, 0x000000008d200000| Complete 
| 211|0x000000008d300000, 0x000000008d400000, 0x000000008d400000|100%| E|CS|TAMS 0x000000008d300000, 0x000000008d300000| Complete 
| 212|0x000000008d400000, 0x000000008d500000, 0x000000008d500000|100%| E|CS|TAMS 0x000000008d400000, 0x000000008d400000| Complete 
| 213|0x000000008d500000, 0x000000008d600000, 0x000000008d600000|100%| E|CS|TAMS 0x000000008d500000, 0x000000008d500000| Complete 
| 214|0x000000008d600000, 0x000000008d700000, 0x000000008d700000|100%| E|CS|TAMS 0x000000008d600000, 0x000000008d600000| Complete 
| 215|0x000000008d700000, 0x000000008d800000, 0x000000008d800000|100%| E|CS|TAMS 0x000000008d700000, 0x000000008d700000| Complete 
| 216|0x000000008d800000, 0x000000008d900000, 0x000000008d900000|100%| E|CS|TAMS 0x000000008d800000, 0x000000008d800000| Complete 
| 217|0x000000008d900000, 0x000000008da00000, 0x000000008da00000|100%| E|CS|TAMS 0x000000008d900000, 0x000000008d900000| Complete 
| 218|0x000000008da00000, 0x000000008db00000, 0x000000008db00000|100%| E|CS|TAMS 0x000000008da00000, 0x000000008da00000| Complete 
| 219|0x000000008db00000, 0x000000008dc00000, 0x000000008dc00000|100%| E|CS|TAMS 0x000000008db00000, 0x000000008db00000| Complete 
| 220|0x000000008dc00000, 0x000000008dd00000, 0x000000008dd00000|100%| E|CS|TAMS 0x000000008dc00000, 0x000000008dc00000| Complete 
| 221|0x000000008dd00000, 0x000000008de00000, 0x000000008de00000|100%| E|CS|TAMS 0x000000008dd00000, 0x000000008dd00000| Complete 
| 222|0x000000008de00000, 0x000000008df00000, 0x000000008df00000|100%| E|CS|TAMS 0x000000008de00000, 0x000000008de00000| Complete 
| 223|0x000000008df00000, 0x000000008e000000, 0x000000008e000000|100%| E|CS|TAMS 0x000000008df00000, 0x000000008df00000| Complete 
| 224|0x000000008e000000, 0x000000008e100000, 0x000000008e100000|100%| E|CS|TAMS 0x000000008e000000, 0x000000008e000000| Complete 
| 225|0x000000008e100000, 0x000000008e200000, 0x000000008e200000|100%| E|CS|TAMS 0x000000008e100000, 0x000000008e100000| Complete 
| 226|0x000000008e200000, 0x000000008e300000, 0x000000008e300000|100%| E|CS|TAMS 0x000000008e200000, 0x000000008e200000| Complete 
| 227|0x000000008e300000, 0x000000008e400000, 0x000000008e400000|100%| E|CS|TAMS 0x000000008e300000, 0x000000008e300000| Complete 
| 228|0x000000008e400000, 0x000000008e500000, 0x000000008e500000|100%| E|CS|TAMS 0x000000008e400000, 0x000000008e400000| Complete 
| 229|0x000000008e500000, 0x000000008e600000, 0x000000008e600000|100%| E|CS|TAMS 0x000000008e500000, 0x000000008e500000| Complete 
| 230|0x000000008e600000, 0x000000008e700000, 0x000000008e700000|100%| E|CS|TAMS 0x000000008e600000, 0x000000008e600000| Complete 
| 231|0x000000008e700000, 0x000000008e800000, 0x000000008e800000|100%| E|CS|TAMS 0x000000008e700000, 0x000000008e700000| Complete 
| 232|0x000000008e800000, 0x000000008e900000, 0x000000008e900000|100%| E|CS|TAMS 0x000000008e800000, 0x000000008e800000| Complete 
| 233|0x000000008e900000, 0x000000008ea00000, 0x000000008ea00000|100%| E|CS|TAMS 0x000000008e900000, 0x000000008e900000| Complete 
| 234|0x000000008ea00000, 0x000000008eb00000, 0x000000008eb00000|100%| E|CS|TAMS 0x000000008ea00000, 0x000000008ea00000| Complete 
| 235|0x000000008eb00000, 0x000000008ec00000, 0x000000008ec00000|100%| E|CS|TAMS 0x000000008eb00000, 0x000000008eb00000| Complete 
| 236|0x000000008ec00000, 0x000000008ed00000, 0x000000008ed00000|100%| E|CS|TAMS 0x000000008ec00000, 0x000000008ec00000| Complete 
| 237|0x000000008ed00000, 0x000000008ee00000, 0x000000008ee00000|100%| E|CS|TAMS 0x000000008ed00000, 0x000000008ed00000| Complete 
| 238|0x000000008ee00000, 0x000000008ef00000, 0x000000008ef00000|100%| E|CS|TAMS 0x000000008ee00000, 0x000000008ee00000| Complete 
| 239|0x000000008ef00000, 0x000000008f000000, 0x000000008f000000|100%| E|CS|TAMS 0x000000008ef00000, 0x000000008ef00000| Complete 
| 240|0x000000008f000000, 0x000000008f100000, 0x000000008f100000|100%| E|CS|TAMS 0x000000008f000000, 0x000000008f000000| Complete 
| 241|0x000000008f100000, 0x000000008f200000, 0x000000008f200000|100%| E|CS|TAMS 0x000000008f100000, 0x000000008f100000| Complete 
| 242|0x000000008f200000, 0x000000008f300000, 0x000000008f300000|100%| E|CS|TAMS 0x000000008f200000, 0x000000008f200000| Complete 
| 243|0x000000008f300000, 0x000000008f400000, 0x000000008f400000|100%| E|CS|TAMS 0x000000008f300000, 0x000000008f300000| Complete 
| 244|0x000000008f400000, 0x000000008f500000, 0x000000008f500000|100%| E|CS|TAMS 0x000000008f400000, 0x000000008f400000| Complete 
| 245|0x000000008f500000, 0x000000008f600000, 0x000000008f600000|100%| E|CS|TAMS 0x000000008f500000, 0x000000008f500000| Complete 
| 246|0x000000008f600000, 0x000000008f700000, 0x000000008f700000|100%| E|CS|TAMS 0x000000008f600000, 0x000000008f600000| Complete 
| 247|0x000000008f700000, 0x000000008f800000, 0x000000008f800000|100%| E|CS|TAMS 0x000000008f700000, 0x000000008f700000| Complete 
| 248|0x000000008f800000, 0x000000008f900000, 0x000000008f900000|100%| E|CS|TAMS 0x000000008f800000, 0x000000008f800000| Complete 
| 249|0x000000008f900000, 0x000000008fa00000, 0x000000008fa00000|100%| E|CS|TAMS 0x000000008f900000, 0x000000008f900000| Complete 
| 250|0x000000008fa00000, 0x000000008fb00000, 0x000000008fb00000|100%| E|CS|TAMS 0x000000008fa00000, 0x000000008fa00000| Complete 
| 251|0x000000008fb00000, 0x000000008fc00000, 0x000000008fc00000|100%| E|CS|TAMS 0x000000008fb00000, 0x000000008fb00000| Complete 
| 252|0x000000008fc00000, 0x000000008fd00000, 0x000000008fd00000|100%| E|CS|TAMS 0x000000008fc00000, 0x000000008fc00000| Complete 
| 253|0x000000008fd00000, 0x000000008fe00000, 0x000000008fe00000|100%| E|CS|TAMS 0x000000008fd00000, 0x000000008fd00000| Complete 
| 254|0x000000008fe00000, 0x000000008ff00000, 0x000000008ff00000|100%| E|CS|TAMS 0x000000008fe00000, 0x000000008fe00000| Complete 
| 255|0x000000008ff00000, 0x0000000090000000, 0x0000000090000000|100%| E|CS|TAMS 0x000000008ff00000, 0x000000008ff00000| Complete 
| 256|0x0000000090000000, 0x0000000090100000, 0x0000000090100000|100%| E|CS|TAMS 0x0000000090000000, 0x0000000090000000| Complete 
| 257|0x0000000090100000, 0x0000000090200000, 0x0000000090200000|100%| E|CS|TAMS 0x0000000090100000, 0x0000000090100000| Complete 

Card table byte_map: [0x0000016c26850000,0x0000016c26c50000] _byte_map_base: 0x0000016c26450000

Marking Bits (Prev, Next): (CMBitMap*) 0x0000016c13757210, (CMBitMap*) 0x0000016c137571d0
 Prev Bits: [0x0000016c29050000, 0x0000016c2b050000)
 Next Bits: [0x0000016c27050000, 0x0000016c29050000)

Polling page: 0x0000016c11700000

Metaspace:

Usage:
  Non-class:     81.22 MB used.
      Class:     12.94 MB used.
       Both:     94.16 MB used.

Virtual space:
  Non-class space:      128.00 MB reserved,      81.56 MB ( 64%) committed,  2 nodes.
      Class space:        1.00 GB reserved,      13.25 MB (  1%) committed,  1 nodes.
             Both:        1.12 GB reserved,      94.81 MB (  8%) committed. 

Chunk freelists:
   Non-Class:  13.87 MB
       Class:  2.72 MB
        Both:  16.59 MB

MaxMetaspaceSize: unlimited
CompressedClassSpaceSize: 1.00 GB
Initial GC threshold: 21.00 MB
Current GC threshold: 115.25 MB
CDS: off
MetaspaceReclaimPolicy: balanced
 - commit_granule_bytes: 65536.
 - commit_granule_words: 8192.
 - virtual_space_node_default_size: 8388608.
 - enlarge_chunks_in_place: 1.
 - new_chunks_are_fully_committed: 0.
 - uncommit_free_chunks: 1.
 - use_allocation_guard: 0.
 - handle_deallocations: 1.


Internal statistics:

num_allocs_failed_limit: 6.
num_arena_births: 956.
num_arena_deaths: 0.
num_vsnodes_births: 3.
num_vsnodes_deaths: 0.
num_space_committed: 1517.
num_space_uncommitted: 0.
num_chunks_returned_to_freelist: 6.
num_chunks_taken_from_freelist: 4463.
num_chunk_merges: 6.
num_chunk_splits: 2979.
num_chunks_enlarged: 2049.
num_inconsistent_stats: 0.

CodeHeap 'non-profiled nmethods': size=119168Kb used=5308Kb max_used=5603Kb free=113859Kb
 bounds [0x0000016c1e770000, 0x0000016c1ecf0000, 0x0000016c25bd0000]
CodeHeap 'profiled nmethods': size=119104Kb used=18122Kb max_used=18847Kb free=100981Kb
 bounds [0x0000016c16bd0000, 0x0000016c17e50000, 0x0000016c1e020000]
CodeHeap 'non-nmethods': size=7488Kb used=4077Kb max_used=4136Kb free=3410Kb
 bounds [0x0000016c1e020000, 0x0000016c1e430000, 0x0000016c1e770000]
 total_blobs=10188 nmethods=9265 adapters=832
 compilation: enabled
              stopped_count=0, restarted_count=0
 full_count=0

Compilation events (20 events):
Event: 15.299 Thread 0x0000016c2e2e5d70 10804       3       com.sun.beans.introspect.PropertyInfo::get (499 bytes)
Event: 15.310 Thread 0x0000016c2e2e5d70 nmethod 10804 0x0000016c1778d290 code [0x0000016c1778dda0, 0x0000016c17795908]
Event: 15.311 Thread 0x0000016c2e494860 10807       3       groovy.lang.MetaClassImpl::addElementToList (58 bytes)
Event: 15.312 Thread 0x0000016c2e494860 nmethod 10807 0x0000016c1778c610 code [0x0000016c1778c820, 0x0000016c1778d008]
Event: 15.324 Thread 0x0000016c2e2e5d70 10808       3       java.util.ComparableTimSort::reverseRange (32 bytes)
Event: 15.325 Thread 0x0000016c2e2e5d70 nmethod 10808 0x0000016c16e37290 code [0x0000016c16e37460, 0x0000016c16e37938]
Event: 15.329 Thread 0x0000016c336ba3b0 nmethod 10761 0x0000016c1e9d3e10 code [0x0000016c1e9d4180, 0x0000016c1e9d78a0]
Event: 15.330 Thread 0x0000016c336ba3b0 10806       4       com.sun.beans.TypeResolver::resolve (37 bytes)
Event: 15.330 Thread 0x0000016c2e494d70 10811       1       java.lang.reflect.AccessibleObject::isAccessible (5 bytes)
Event: 15.331 Thread 0x0000016c2e494d70 nmethod 10811 0x0000016c1e9d3b10 code [0x0000016c1e9d3ca0, 0x0000016c1e9d3d78]
Event: 15.331 Thread 0x0000016c2e2e5d70 10812       2       org.codehaus.groovy.reflection.ClassInfo::getClassInfo (13 bytes)
Event: 15.331 Thread 0x0000016c2e2e5d70 nmethod 10812 0x0000016c17034710 code [0x0000016c170348a0, 0x0000016c170349e8]
Event: 15.336 Thread 0x0000016c2e494d70 10814       3       com.sun.beans.introspect.EventSetInfo::get (373 bytes)
Event: 15.340 Thread 0x0000016c2e2e5d70 10815       3       groovy.lang.MetaClassImpl::applyStrayPropertyMethods (288 bytes)
Event: 15.341 Thread 0x0000016c2e494d70 nmethod 10814 0x0000016c1709ae10 code [0x0000016c1709b4e0, 0x0000016c1709f088]
Event: 15.344 Thread 0x0000016c2e2e5d70 nmethod 10815 0x0000016c1721e890 code [0x0000016c1721ed40, 0x0000016c17221698]
Event: 15.351 Thread 0x0000016c2e2e5d70 10817       3       org.codehaus.groovy.util.LockableObject::unlock (7 bytes)
Event: 15.352 Thread 0x0000016c335ebbe0 10818       3       org.gradle.internal.metaobject.CompositeDynamicObject::setObjects (11 bytes)
Event: 15.352 Thread 0x0000016c2e2e5d70 nmethod 10817 0x0000016c16e36d10 code [0x0000016c16e36ec0, 0x0000016c16e37178]
Event: 15.352 Thread 0x0000016c335ebbe0 nmethod 10818 0x0000016c17945310 code [0x0000016c179454a0, 0x0000016c17945658]

GC Heap History (20 events):
Event: 9.002 GC heap before
{Heap before GC invocations=24 (full 0):
 garbage-first heap   total 130048K, used 66402K [0x0000000080000000, 0x0000000100000000)
  region size 1024K, 6 young (6144K), 2 survivors (2048K)
 Metaspace       used 61511K, committed 62080K, reserved 1114112K
  class space    used 8198K, committed 8448K, reserved 1048576K
}
Event: 9.005 GC heap after
{Heap after GC invocations=25 (full 0):
 garbage-first heap   total 130048K, used 61959K [0x0000000080000000, 0x0000000100000000)
  region size 1024K, 1 young (1024K), 1 survivors (1024K)
 Metaspace       used 61511K, committed 62080K, reserved 1114112K
  class space    used 8198K, committed 8448K, reserved 1048576K
}
Event: 9.653 GC heap before
{Heap before GC invocations=25 (full 0):
 garbage-first heap   total 130048K, used 84487K [0x0000000080000000, 0x0000000100000000)
  region size 1024K, 24 young (24576K), 1 survivors (1024K)
 Metaspace       used 65591K, committed 66176K, reserved 1114112K
  class space    used 8750K, committed 9024K, reserved 1048576K
}
Event: 9.657 GC heap after
{Heap after GC invocations=26 (full 0):
 garbage-first heap   total 130048K, used 64096K [0x0000000080000000, 0x0000000100000000)
  region size 1024K, 3 young (3072K), 3 survivors (3072K)
 Metaspace       used 65591K, committed 66176K, reserved 1114112K
  class space    used 8750K, committed 9024K, reserved 1048576K
}
Event: 10.024 GC heap before
{Heap before GC invocations=27 (full 0):
 garbage-first heap   total 132096K, used 105056K [0x0000000080000000, 0x0000000100000000)
  region size 1024K, 37 young (37888K), 3 survivors (3072K)
 Metaspace       used 67448K, committed 68096K, reserved 1114112K
  class space    used 9000K, committed 9280K, reserved 1048576K
}
Event: 10.027 GC heap after
{Heap after GC invocations=28 (full 0):
 garbage-first heap   total 132096K, used 67348K [0x0000000080000000, 0x0000000100000000)
  region size 1024K, 5 young (5120K), 5 survivors (5120K)
 Metaspace       used 67448K, committed 68096K, reserved 1114112K
  class space    used 9000K, committed 9280K, reserved 1048576K
}
Event: 10.036 GC heap before
{Heap before GC invocations=28 (full 0):
 garbage-first heap   total 132096K, used 68372K [0x0000000080000000, 0x0000000100000000)
  region size 1024K, 6 young (6144K), 5 survivors (5120K)
 Metaspace       used 67517K, committed 68096K, reserved 1114112K
  class space    used 9011K, committed 9280K, reserved 1048576K
}
Event: 10.039 GC heap after
{Heap after GC invocations=29 (full 0):
 garbage-first heap   total 132096K, used 67893K [0x0000000080000000, 0x0000000100000000)
  region size 1024K, 1 young (1024K), 1 survivors (1024K)
 Metaspace       used 67517K, committed 68096K, reserved 1114112K
  class space    used 9011K, committed 9280K, reserved 1048576K
}
Event: 10.504 GC heap before
{Heap before GC invocations=29 (full 0):
 garbage-first heap   total 132096K, used 101685K [0x0000000080000000, 0x0000000100000000)
  region size 1024K, 34 young (34816K), 1 survivors (1024K)
 Metaspace       used 70003K, committed 70656K, reserved 1114112K
  class space    used 9345K, committed 9664K, reserved 1048576K
}
Event: 10.508 GC heap after
{Heap after GC invocations=30 (full 0):
 garbage-first heap   total 132096K, used 69422K [0x0000000080000000, 0x0000000100000000)
  region size 1024K, 3 young (3072K), 3 survivors (3072K)
 Metaspace       used 70003K, committed 70656K, reserved 1114112K
  class space    used 9345K, committed 9664K, reserved 1048576K
}
Event: 11.232 GC heap before
{Heap before GC invocations=31 (full 0):
 garbage-first heap   total 132096K, used 108334K [0x0000000080000000, 0x0000000100000000)
  region size 1024K, 37 young (37888K), 3 survivors (3072K)
 Metaspace       used 73549K, committed 74240K, reserved 1114112K
  class space    used 9858K, committed 10176K, reserved 1048576K
}
Event: 11.235 GC heap after
{Heap after GC invocations=32 (full 0):
 garbage-first heap   total 132096K, used 75209K [0x0000000080000000, 0x0000000100000000)
  region size 1024K, 4 young (4096K), 4 survivors (4096K)
 Metaspace       used 73549K, committed 74240K, reserved 1114112K
  class space    used 9858K, committed 10176K, reserved 1048576K
}
Event: 11.262 GC heap before
{Heap before GC invocations=32 (full 0):
 garbage-first heap   total 132096K, used 77257K [0x0000000080000000, 0x0000000100000000)
  region size 1024K, 6 young (6144K), 4 survivors (4096K)
 Metaspace       used 73839K, committed 74496K, reserved 1114112K
  class space    used 9897K, committed 10176K, reserved 1048576K
}
Event: 11.265 GC heap after
{Heap after GC invocations=33 (full 0):
 garbage-first heap   total 132096K, used 75322K [0x0000000080000000, 0x0000000100000000)
  region size 1024K, 1 young (1024K), 1 survivors (1024K)
 Metaspace       used 73839K, committed 74496K, reserved 1114112K
  class space    used 9897K, committed 10176K, reserved 1048576K
}
Event: 11.571 GC heap before
{Heap before GC invocations=33 (full 0):
 garbage-first heap   total 132096K, used 107066K [0x0000000080000000, 0x0000000100000000)
  region size 1024K, 32 young (32768K), 1 survivors (1024K)
 Metaspace       used 76662K, committed 77312K, reserved 1179648K
  class space    used 10282K, committed 10560K, reserved 1048576K
}
Event: 11.575 GC heap after
{Heap after GC invocations=34 (full 0):
 garbage-first heap   total 264192K, used 77170K [0x0000000080000000, 0x0000000100000000)
  region size 1024K, 3 young (3072K), 3 survivors (3072K)
 Metaspace       used 76662K, committed 77312K, reserved 1179648K
  class space    used 10282K, committed 10560K, reserved 1048576K
}
Event: 12.893 GC heap before
{Heap before GC invocations=34 (full 0):
 garbage-first heap   total 264192K, used 182642K [0x0000000080000000, 0x0000000100000000)
  region size 1024K, 106 young (108544K), 3 survivors (3072K)
 Metaspace       used 83664K, committed 84224K, reserved 1179648K
  class space    used 11444K, committed 11712K, reserved 1048576K
}
Event: 12.898 GC heap after
{Heap after GC invocations=35 (full 0):
 garbage-first heap   total 264192K, used 82397K [0x0000000080000000, 0x0000000100000000)
  region size 1024K, 8 young (8192K), 8 survivors (8192K)
 Metaspace       used 83664K, committed 84224K, reserved 1179648K
  class space    used 11444K, committed 11712K, reserved 1048576K
}
Event: 14.221 GC heap before
{Heap before GC invocations=35 (full 0):
 garbage-first heap   total 264192K, used 198109K [0x0000000080000000, 0x0000000100000000)
  region size 1024K, 121 young (123904K), 8 survivors (8192K)
 Metaspace       used 93879K, committed 94464K, reserved 1179648K
  class space    used 12902K, committed 13184K, reserved 1048576K
}
Event: 14.230 GC heap after
{Heap after GC invocations=36 (full 0):
 garbage-first heap   total 264192K, used 88611K [0x0000000080000000, 0x0000000100000000)
  region size 1024K, 14 young (14336K), 14 survivors (14336K)
 Metaspace       used 93879K, committed 94464K, reserved 1179648K
  class space    used 12902K, committed 13184K, reserved 1048576K
}

Dll operation events (3 events):
Event: 0.005 Loaded shared library C:\Program Files\Android\Android Studio\jbr\bin\java.dll
Event: 0.122 Loaded shared library C:\Program Files\Android\Android Studio\jbr\bin\zip.dll
Event: 0.367 Loaded shared library C:\Program Files\Android\Android Studio\jbr\bin\verify.dll

Deoptimization events (20 events):
Event: 14.750 Thread 0x0000016c33782080 Uncommon trap: trap_request=0xffffff45 fr.pc=0x0000016c1eb76ee8 relative=0x0000000000004328
Event: 14.750 Thread 0x0000016c33782080 Uncommon trap: reason=unstable_if action=reinterpret pc=0x0000016c1eb76ee8 method=org.codehaus.groovy.runtime.metaclass.MetaMethodIndex.isOverridden(Lgroovy/lang/MetaMethod;Lgroovy/lang/MetaMethod;)Z @ 52 c2
Event: 14.750 Thread 0x0000016c33782080 DEOPT PACKING pc=0x0000016c1eb76ee8 sp=0x0000000cff2f8570
Event: 14.750 Thread 0x0000016c33782080 DEOPT UNPACKING pc=0x0000016c1e0769a3 sp=0x0000000cff2f8528 mode 2
Event: 14.755 Thread 0x0000016c33782080 Uncommon trap: trap_request=0xffffff45 fr.pc=0x0000016c1e908180 relative=0x0000000000001580
Event: 14.755 Thread 0x0000016c33782080 Uncommon trap: reason=unstable_if action=reinterpret pc=0x0000016c1e908180 method=java.util.WeakHashMap.matchesKey(Ljava/util/WeakHashMap$Entry;Ljava/lang/Object;)Z @ 5 c2
Event: 14.755 Thread 0x0000016c33782080 DEOPT PACKING pc=0x0000016c1e908180 sp=0x0000000cff2f7d30
Event: 14.755 Thread 0x0000016c33782080 DEOPT UNPACKING pc=0x0000016c1e0769a3 sp=0x0000000cff2f7cb8 mode 2
Event: 14.811 Thread 0x0000016c33782080 Uncommon trap: trap_request=0xffffff45 fr.pc=0x0000016c1eb39820 relative=0x0000000000002140
Event: 14.812 Thread 0x0000016c33782080 Uncommon trap: reason=unstable_if action=reinterpret pc=0x0000016c1eb39820 method=java.lang.reflect.AccessibleObject.checkCanSetAccessible(Ljava/lang/Class;Ljava/lang/Class;Z)Z @ 67 c2
Event: 14.812 Thread 0x0000016c33782080 DEOPT PACKING pc=0x0000016c1eb39820 sp=0x0000000cff2f7340
Event: 14.812 Thread 0x0000016c33782080 DEOPT UNPACKING pc=0x0000016c1e0769a3 sp=0x0000000cff2f7358 mode 2
Event: 14.834 Thread 0x0000016c33782080 Uncommon trap: trap_request=0xffffff45 fr.pc=0x0000016c1eae6d70 relative=0x00000000000011b0
Event: 14.834 Thread 0x0000016c33782080 Uncommon trap: reason=unstable_if action=reinterpret pc=0x0000016c1eae6d70 method=java.lang.ClassLoader.checkCerts(Ljava/lang/String;Ljava/security/CodeSource;)V @ 30 c2
Event: 14.834 Thread 0x0000016c33782080 DEOPT PACKING pc=0x0000016c1eae6d70 sp=0x0000000cff2f73d0
Event: 14.834 Thread 0x0000016c33782080 DEOPT UNPACKING pc=0x0000016c1e0769a3 sp=0x0000000cff2f7348 mode 2
Event: 14.834 Thread 0x0000016c33782080 Uncommon trap: trap_request=0xffffff45 fr.pc=0x0000016c1ea579ec relative=0x0000000000005b6c
Event: 14.834 Thread 0x0000016c33782080 Uncommon trap: reason=unstable_if action=reinterpret pc=0x0000016c1ea579ec method=java.lang.ClassLoader.loadClass(Ljava/lang/String;Z)Ljava/lang/Class; @ 29 c2
Event: 14.834 Thread 0x0000016c33782080 DEOPT PACKING pc=0x0000016c1ea579ec sp=0x0000000cff2f33d0
Event: 14.834 Thread 0x0000016c33782080 DEOPT UNPACKING pc=0x0000016c1e0769a3 sp=0x0000000cff2f3448 mode 2

Classes unloaded (0 events):
No events

Classes redefined (0 events):
No events

Internal exceptions (20 events):
Event: 15.316 Thread 0x0000016c33782080 Exception <a 'java/lang/ClassNotFoundException'{0x000000008b672100}: com/android/build/gradle/internal/tasks/DexFileDependenciesTaskBeanInfo> (0x000000008b672100) 
thrown [s\src\hotspot\share\classfile\systemDictionary.cpp, line 256]
Event: 15.318 Thread 0x0000016c33782080 Exception <a 'java/lang/ClassNotFoundException'{0x000000008b67ddb8}: com/android/build/gradle/internal/tasks/DexFileDependenciesTaskCustomizer> (0x000000008b67ddb8) 
thrown [s\src\hotspot\share\classfile\systemDictionary.cpp, line 256]
Event: 15.320 Thread 0x0000016c33782080 Exception <a 'java/lang/ClassNotFoundException'{0x000000008b6a6630}: com/android/build/gradle/internal/tasks/DexFileDependenciesTask_DecoratedCustomizer> (0x000000008b6a6630) 
thrown [s\src\hotspot\share\classfile\systemDictionary.cpp, line 256]
Event: 15.326 Thread 0x0000016c33782080 Exception <a 'java/lang/ClassNotFoundException'{0x000000008b5542a0}: com/android/build/gradle/internal/tasks/DexMergingTask_DecoratedBeanInfo> (0x000000008b5542a0) 
thrown [s\src\hotspot\share\classfile\systemDictionary.cpp, line 256]
Event: 15.326 Thread 0x0000016c33782080 Exception <a 'java/lang/ClassNotFoundException'{0x000000008b560058}: com/android/build/gradle/internal/tasks/DexMergingTaskBeanInfo> (0x000000008b560058) 
thrown [s\src\hotspot\share\classfile\systemDictionary.cpp, line 256]
Event: 15.327 Thread 0x0000016c33782080 Exception <a 'java/lang/ClassNotFoundException'{0x000000008b56bba8}: com/android/build/gradle/internal/tasks/DexMergingTaskCustomizer> (0x000000008b56bba8) 
thrown [s\src\hotspot\share\classfile\systemDictionary.cpp, line 256]
Event: 15.329 Thread 0x0000016c33782080 Exception <a 'java/lang/ClassNotFoundException'{0x000000008b5938a0}: com/android/build/gradle/internal/tasks/DexMergingTask_DecoratedCustomizer> (0x000000008b5938a0) 
thrown [s\src\hotspot\share\classfile\systemDictionary.cpp, line 256]
Event: 15.334 Thread 0x0000016c33782080 Exception <a 'java/lang/ClassNotFoundException'{0x000000008b447440}: com/android/build/gradle/internal/tasks/DexArchiveBuilderTask_DecoratedBeanInfo> (0x000000008b447440) 
thrown [s\src\hotspot\share\classfile\systemDictionary.cpp, line 256]
Event: 15.335 Thread 0x0000016c33782080 Exception <a 'java/lang/ClassNotFoundException'{0x000000008b4532e8}: com/android/build/gradle/internal/tasks/DexArchiveBuilderTaskBeanInfo> (0x000000008b4532e8) 
thrown [s\src\hotspot\share\classfile\systemDictionary.cpp, line 256]
Event: 15.336 Thread 0x0000016c33782080 Exception <a 'java/lang/ClassNotFoundException'{0x000000008b45ef48}: com/android/build/gradle/internal/tasks/DexArchiveBuilderTaskCustomizer> (0x000000008b45ef48) 
thrown [s\src\hotspot\share\classfile\systemDictionary.cpp, line 256]
Event: 15.338 Thread 0x0000016c33782080 Exception <a 'java/lang/ClassNotFoundException'{0x000000008b48ef70}: com/android/build/gradle/internal/tasks/DexArchiveBuilderTask_DecoratedCustomizer> (0x000000008b48ef70) 
thrown [s\src\hotspot\share\classfile\systemDictionary.cpp, line 256]
Event: 15.345 Thread 0x0000016c33782080 Exception <a 'java/lang/ClassNotFoundException'{0x000000008b350d60}: com/android/build/gradle/internal/tasks/MergeNativeLibsTask_DecoratedBeanInfo> (0x000000008b350d60) 
thrown [s\src\hotspot\share\classfile\systemDictionary.cpp, line 256]
Event: 15.345 Thread 0x0000016c33782080 Exception <a 'java/lang/ClassNotFoundException'{0x000000008b35cc00}: com/android/build/gradle/internal/tasks/MergeNativeLibsTaskBeanInfo> (0x000000008b35cc00) 
thrown [s\src\hotspot\share\classfile\systemDictionary.cpp, line 256]
Event: 15.346 Thread 0x0000016c33782080 Exception <a 'java/lang/ClassNotFoundException'{0x000000008b3687c8}: com/android/build/gradle/internal/tasks/MergeNativeLibsTaskCustomizer> (0x000000008b3687c8) 
thrown [s\src\hotspot\share\classfile\systemDictionary.cpp, line 256]
Event: 15.349 Thread 0x0000016c33782080 Exception <a 'java/lang/ClassNotFoundException'{0x000000008b395a48}: com/android/build/gradle/internal/tasks/MergeNativeLibsTask_DecoratedCustomizer> (0x000000008b395a48) 
thrown [s\src\hotspot\share\classfile\systemDictionary.cpp, line 256]
Event: 15.354 Thread 0x0000016c33782080 Exception <a 'java/lang/ClassNotFoundException'{0x000000008b23e398}: com/android/build/gradle/internal/tasks/StripDebugSymbolsTask_DecoratedBeanInfo> (0x000000008b23e398) 
thrown [s\src\hotspot\share\classfile\systemDictionary.cpp, line 256]
Event: 15.355 Thread 0x0000016c33782080 Exception <a 'java/lang/ClassNotFoundException'{0x000000008b24a240}: com/android/build/gradle/internal/tasks/StripDebugSymbolsTaskBeanInfo> (0x000000008b24a240) 
thrown [s\src\hotspot\share\classfile\systemDictionary.cpp, line 256]
Event: 15.355 Thread 0x0000016c33782080 Exception <a 'java/lang/ClassNotFoundException'{0x000000008b255ea0}: com/android/build/gradle/internal/tasks/StripDebugSymbolsTaskCustomizer> (0x000000008b255ea0) 
thrown [s\src\hotspot\share\classfile\systemDictionary.cpp, line 256]
Event: 15.356 Thread 0x0000016c33782080 Exception <a 'java/lang/ClassNotFoundException'{0x000000008b279a50}: com/android/build/gradle/internal/tasks/StripDebugSymbolsTask_DecoratedCustomizer> (0x000000008b279a50) 
thrown [s\src\hotspot\share\classfile\systemDictionary.cpp, line 256]
Event: 15.361 Thread 0x0000016c33782080 Exception <a 'java/lang/ClassNotFoundException'{0x000000008b1199d8}: com/android/build/gradle/internal/tasks/ValidateSigningTask_DecoratedBeanInfo> (0x000000008b1199d8) 
thrown [s\src\hotspot\share\classfile\systemDictionary.cpp, line 256]

VM Operations (20 events):
Event: 14.136 Executing VM operation: HandshakeAllThreads
Event: 14.136 Executing VM operation: HandshakeAllThreads done
Event: 14.145 Executing VM operation: ICBufferFull
Event: 14.145 Executing VM operation: ICBufferFull done
Event: 14.158 Executing VM operation: HandshakeAllThreads
Event: 14.158 Executing VM operation: HandshakeAllThreads done
Event: 14.189 Executing VM operation: HandshakeAllThreads
Event: 14.189 Executing VM operation: HandshakeAllThreads done
Event: 14.221 Executing VM operation: G1CollectForAllocation
Event: 14.230 Executing VM operation: G1CollectForAllocation done
Event: 14.327 Executing VM operation: HandshakeAllThreads
Event: 14.327 Executing VM operation: HandshakeAllThreads done
Event: 14.425 Executing VM operation: ICBufferFull
Event: 14.425 Executing VM operation: ICBufferFull done
Event: 14.476 Executing VM operation: HandshakeAllThreads
Event: 14.476 Executing VM operation: HandshakeAllThreads done
Event: 14.760 Executing VM operation: HandshakeAllThreads
Event: 14.760 Executing VM operation: HandshakeAllThreads done
Event: 15.016 Executing VM operation: ICBufferFull
Event: 15.016 Executing VM operation: ICBufferFull done

Events (20 events):
Event: 14.753 loading class java/util/AbstractCollectionBeanInfo done
Event: 14.753 loading class java/util/AbstractCollectionCustomizer
Event: 14.753 loading class java/util/AbstractCollectionCustomizer done
Event: 14.754 loading class java/util/AbstractCollectionCustomizer
Event: 14.754 loading class java/util/AbstractCollectionCustomizer done
Event: 14.754 loading class sun/reflect/generics/reflectiveObjects/GenericArrayTypeImpl
Event: 14.754 loading class sun/reflect/generics/reflectiveObjects/GenericArrayTypeImpl done
Event: 14.826 loading class java/lang/ClassBeanInfo
Event: 14.826 loading class java/lang/ClassBeanInfo done
Event: 14.827 loading class java/lang/ClassBeanInfo
Event: 14.827 loading class java/lang/ClassBeanInfo done
Event: 14.827 loading class java/lang/ClassCustomizer
Event: 14.827 loading class java/lang/ClassCustomizer done
Event: 14.827 loading class java/lang/ClassCustomizer
Event: 14.827 loading class java/lang/ClassCustomizer done
Event: 14.869 Thread 0x0000016c336ba3b0 Thread added: 0x0000016c336ba3b0
Event: 14.869 Thread 0x0000016c336bb7f0 Thread added: 0x0000016c336bb7f0
Event: 15.084 Thread 0x0000016c39c01f10 Thread added: 0x0000016c39c01f10
Event: 15.283 loading class java/io/FilterReader
Event: 15.283 loading class java/io/FilterReader done


Dynamic libraries:
0x00007ff609a90000 - 0x00007ff609a9a000 	C:\Program Files\Android\Android Studio\jbr\bin\java.exe
0x00007ffc14030000 - 0x00007ffc14244000 	C:\WINDOWS\SYSTEM32\ntdll.dll
0x00007ffc12cd0000 - 0x00007ffc12d94000 	C:\WINDOWS\System32\KERNEL32.DLL
0x00007ffc11670000 - 0x00007ffc11a14000 	C:\WINDOWS\System32\KERNELBASE.dll
0x00007ffc11ca0000 - 0x00007ffc11db1000 	C:\WINDOWS\System32\ucrtbase.dll
0x00007ffbdca70000 - 0x00007ffbdca87000 	C:\Program Files\Android\Android Studio\jbr\bin\jli.dll
0x00007ffc061b0000 - 0x00007ffc061cb000 	C:\Program Files\Android\Android Studio\jbr\bin\VCRUNTIME140.dll
0x00007ffc13a30000 - 0x00007ffc13bde000 	C:\WINDOWS\System32\USER32.dll
0x00007ffc00fa0000 - 0x00007ffc01233000 	C:\WINDOWS\WinSxS\amd64_microsoft.windows.common-controls_6595b64144ccf1df_6.0.22621.2215_none_270d72677387dfc3\COMCTL32.dll
0x00007ffc11c70000 - 0x00007ffc11c96000 	C:\WINDOWS\System32\win32u.dll
0x00007ffc12380000 - 0x00007ffc12427000 	C:\WINDOWS\System32\msvcrt.dll
0x00007ffc12ca0000 - 0x00007ffc12cc9000 	C:\WINDOWS\System32\GDI32.dll
0x00007ffc11550000 - 0x00007ffc11668000 	C:\WINDOWS\System32\gdi32full.dll
0x00007ffc11a20000 - 0x00007ffc11aba000 	C:\WINDOWS\System32\msvcp_win.dll
0x00007ffc12c40000 - 0x00007ffc12c71000 	C:\WINDOWS\System32\IMM32.DLL
0x00007ffc0c0f0000 - 0x00007ffc0c0fc000 	C:\Program Files\Android\Android Studio\jbr\bin\vcruntime140_1.dll
0x00007ffbfdb00000 - 0x00007ffbfdb8d000 	C:\Program Files\Android\Android Studio\jbr\bin\msvcp140.dll
0x00007ffb66f40000 - 0x00007ffb67bc0000 	C:\Program Files\Android\Android Studio\jbr\bin\server\jvm.dll
0x00007ffc138c0000 - 0x00007ffc13970000 	C:\WINDOWS\System32\ADVAPI32.dll
0x00007ffc137b0000 - 0x00007ffc13856000 	C:\WINDOWS\System32\sechost.dll
0x00007ffc120a0000 - 0x00007ffc121b7000 	C:\WINDOWS\System32\RPCRT4.dll
0x00007ffbe6a00000 - 0x00007ffbe6a09000 	C:\WINDOWS\SYSTEM32\WSOCK32.dll
0x00007ffc13730000 - 0x00007ffc137a1000 	C:\WINDOWS\System32\WS2_32.dll
0x00007ffc05860000 - 0x00007ffc0586a000 	C:\WINDOWS\SYSTEM32\VERSION.dll
0x00007ffc0e0f0000 - 0x00007ffc0e124000 	C:\WINDOWS\SYSTEM32\WINMM.dll
0x00007ffc10380000 - 0x00007ffc10398000 	C:\WINDOWS\SYSTEM32\kernel.appcore.dll
0x00007ffc098e0000 - 0x00007ffc098ea000 	C:\Program Files\Android\Android Studio\jbr\bin\jimage.dll
0x00007ffc0ee30000 - 0x00007ffc0f05e000 	C:\WINDOWS\SYSTEM32\DBGHELP.DLL
0x00007ffc12430000 - 0x00007ffc127ba000 	C:\WINDOWS\System32\combase.dll
0x00007ffc11e40000 - 0x00007ffc11f17000 	C:\WINDOWS\System32\OLEAUT32.dll
0x00007ffc0e130000 - 0x00007ffc0e162000 	C:\WINDOWS\SYSTEM32\dbgcore.DLL
0x00007ffc11b30000 - 0x00007ffc11baa000 	C:\WINDOWS\System32\bcryptPrimitives.dll
0x00007ffbf5680000 - 0x00007ffbf568e000 	C:\Program Files\Android\Android Studio\jbr\bin\instrument.dll
0x00007ffbe70c0000 - 0x00007ffbe70e5000 	C:\Program Files\Android\Android Studio\jbr\bin\java.dll
0x00007ffbe7140000 - 0x00007ffbe7158000 	C:\Program Files\Android\Android Studio\jbr\bin\zip.dll
0x00007ffc12f00000 - 0x00007ffc13723000 	C:\WINDOWS\System32\SHELL32.dll
0x00007ffc0f320000 - 0x00007ffc0fc0a000 	C:\WINDOWS\SYSTEM32\windows.storage.dll
0x00007ffc0f1e0000 - 0x00007ffc0f31e000 	C:\WINDOWS\SYSTEM32\wintypes.dll
0x00007ffc11fa0000 - 0x00007ffc12093000 	C:\WINDOWS\System32\SHCORE.dll
0x00007ffc11f20000 - 0x00007ffc11f7e000 	C:\WINDOWS\System32\shlwapi.dll
0x00007ffc11310000 - 0x00007ffc11336000 	C:\WINDOWS\SYSTEM32\profapi.dll
0x00007ffbe70a0000 - 0x00007ffbe70b9000 	C:\Program Files\Android\Android Studio\jbr\bin\net.dll
0x00007ffc09610000 - 0x00007ffc09747000 	C:\WINDOWS\SYSTEM32\WINHTTP.dll
0x00007ffc108b0000 - 0x00007ffc10919000 	C:\WINDOWS\system32\mswsock.dll
0x00007ffbe7080000 - 0x00007ffbe7096000 	C:\Program Files\Android\Android Studio\jbr\bin\nio.dll
0x00007ffc07ac0000 - 0x00007ffc07ad0000 	C:\Program Files\Android\Android Studio\jbr\bin\verify.dll
0x00007ffbd2680000 - 0x00007ffbd26a7000 	C:\Users\KIIT\.gradle\native\68d5fa5c4cc2d200863cafc0d521ce42e7d3e7ee720ec0a83991735586a16f82\windows-amd64\native-platform.dll
0x00007ffbdc530000 - 0x00007ffbdc674000 	C:\Users\KIIT\.gradle\native\e376f236ea51e6404a007f0833ffe2c6e607c4080706a723a18a27aeea778392\windows-amd64\native-platform-file-events.dll
0x00007ffc067c0000 - 0x00007ffc067c9000 	C:\Program Files\Android\Android Studio\jbr\bin\management.dll
0x00007ffc01ac0000 - 0x00007ffc01acb000 	C:\Program Files\Android\Android Studio\jbr\bin\management_ext.dll
0x00007ffc11e30000 - 0x00007ffc11e38000 	C:\WINDOWS\System32\PSAPI.DLL
0x00007ffc10b00000 - 0x00007ffc10b1b000 	C:\WINDOWS\SYSTEM32\CRYPTSP.dll
0x00007ffc103a0000 - 0x00007ffc103d5000 	C:\WINDOWS\system32\rsaenh.dll
0x00007ffc109a0000 - 0x00007ffc109cc000 	C:\WINDOWS\SYSTEM32\USERENV.dll
0x00007ffc10d30000 - 0x00007ffc10d58000 	C:\WINDOWS\SYSTEM32\bcrypt.dll
0x00007ffc10b20000 - 0x00007ffc10b2c000 	C:\WINDOWS\SYSTEM32\CRYPTBASE.dll
0x00007ffc0fe70000 - 0x00007ffc0fe9d000 	C:\WINDOWS\SYSTEM32\IPHLPAPI.DLL
0x00007ffc12da0000 - 0x00007ffc12da9000 	C:\WINDOWS\System32\NSI.dll
0x00007ffc099a0000 - 0x00007ffc099b9000 	C:\WINDOWS\SYSTEM32\dhcpcsvc6.DLL
0x00007ffc090c0000 - 0x00007ffc090df000 	C:\WINDOWS\SYSTEM32\dhcpcsvc.DLL
0x00007ffc0fee0000 - 0x00007ffc0ffd2000 	C:\WINDOWS\SYSTEM32\DNSAPI.dll
0x00007ffc09890000 - 0x00007ffc09898000 	C:\WINDOWS\system32\wshunix.dll
0x00007ffbfea30000 - 0x00007ffbfea47000 	C:\WINDOWS\system32\napinsp.dll
0x00007ffbcecd0000 - 0x00007ffbceceb000 	C:\WINDOWS\system32\pnrpnsp.dll
0x00007ffbce670000 - 0x00007ffbce681000 	C:\WINDOWS\System32\winrnr.dll
0x00007ffc08960000 - 0x00007ffc08975000 	C:\WINDOWS\system32\wshbth.dll
0x00007ffbbb220000 - 0x00007ffbbb241000 	C:\WINDOWS\system32\nlansp_c.dll
0x00007ffc05850000 - 0x00007ffc0585a000 	C:\Windows\System32\rasadhlp.dll
0x00007ffc06700000 - 0x00007ffc06784000 	C:\WINDOWS\System32\fwpuclnt.dll

dbghelp: loaded successfully - version: 4.0.5 - missing functions: none
symbol engine: initialized successfully - sym options: 0x614 - pdb path: .;C:\Program Files\Android\Android Studio\jbr\bin;C:\WINDOWS\SYSTEM32;C:\WINDOWS\WinSxS\amd64_microsoft.windows.common-controls_6595b64144ccf1df_6.0.22621.2215_none_270d72677387dfc3;C:\Program Files\Android\Android Studio\jbr\bin\server;C:\Users\KIIT\.gradle\native\68d5fa5c4cc2d200863cafc0d521ce42e7d3e7ee720ec0a83991735586a16f82\windows-amd64;C:\Users\KIIT\.gradle\native\e376f236ea51e6404a007f0833ffe2c6e607c4080706a723a18a27aeea778392\windows-amd64

VM Arguments:
jvm_args: --add-opens=java.base/java.util=ALL-UNNAMED --add-opens=java.base/java.lang=ALL-UNNAMED --add-opens=java.base/java.lang.invoke=ALL-UNNAMED --add-opens=java.prefs/java.util.prefs=ALL-UNNAMED --add-opens=java.base/java.nio.charset=ALL-UNNAMED --add-opens=java.base/java.net=ALL-UNNAMED --add-opens=java.base/java.util.concurrent.atomic=ALL-UNNAMED -Xmx2048m -Dfile.encoding=UTF-8 -Duser.country=IN -Duser.language=en -Duser.variant -javaagent:C:\Users\KIIT\.gradle\wrapper\dists\gradle-8.2-bin\bbg7u40eoinfdyxsxr3z4i7ta\gradle-8.2\lib\agents\gradle-instrumentation-agent-8.2.jar 
java_command: org.gradle.launcher.daemon.bootstrap.GradleDaemon 8.2
java_class_path (initial): C:\Users\KIIT\.gradle\wrapper\dists\gradle-8.2-bin\bbg7u40eoinfdyxsxr3z4i7ta\gradle-8.2\lib\gradle-launcher-8.2.jar
Launcher Type: SUN_STANDARD

[Global flags]
     intx CICompilerCount                          = 12                                        {product} {ergonomic}
     uint ConcGCThreads                            = 3                                         {product} {ergonomic}
     uint G1ConcRefinementThreads                  = 13                                        {product} {ergonomic}
   size_t G1HeapRegionSize                         = 1048576                                   {product} {ergonomic}
    uintx GCDrainStackTargetSize                   = 64                                        {product} {ergonomic}
   size_t InitialHeapSize                          = 257949696                                 {product} {ergonomic}
   size_t MarkStackSize                            = 4194304                                   {product} {ergonomic}
   size_t MaxHeapSize                              = 2147483648                                {product} {command line}
   size_t MaxNewSize                               = 1287651328                                {product} {ergonomic}
   size_t MinHeapDeltaBytes                        = 1048576                                   {product} {ergonomic}
   size_t MinHeapSize                              = 8388608                                   {product} {ergonomic}
    uintx NonNMethodCodeHeapSize                   = 7602480                                {pd product} {ergonomic}
    uintx NonProfiledCodeHeapSize                  = 122027880                              {pd product} {ergonomic}
    uintx ProfiledCodeHeapSize                     = 122027880                              {pd product} {ergonomic}
    uintx ReservedCodeCacheSize                    = 251658240                              {pd product} {ergonomic}
     bool SegmentedCodeCache                       = true                                      {product} {ergonomic}
   size_t SoftMaxHeapSize                          = 2147483648                             {manageable} {ergonomic}
     bool UseCompressedClassPointers               = true                           {product lp64_product} {ergonomic}
     bool UseCompressedOops                        = true                           {product lp64_product} {ergonomic}
     bool UseG1GC                                  = true                                      {product} {ergonomic}
     bool UseLargePagesIndividualAllocation        = false                                  {pd product} {ergonomic}

Logging:
Log output configuration:
 #0: stdout all=warning uptime,level,tags
 #1: stderr all=off uptime,level,tags

Environment Variables:
JAVA_HOME=C:\Program Files\Java\jdk-21
PATH=C:\Program Files (x86)\NVIDIA Corporation\PhysX\Common;C:\ProgramData\Oracle\Java\javapath;C:\Program Files (x86)\Common Files\Intel\Shared Libraries\redist\intel64\compiler;C:\WINDOWS\system32;C:\WINDOWS;C:\WINDOWS\System32\Wbem;C:\WINDOWS\System32\WindowsPowerShell\v1.0\;C:\WINDOWS\System32\OpenSSH\;C:\Program Files\dotnet\;C:\Users\KIIT\AppData\Local\Microsoft\WindowsApps;C:\Users\KIIT\AppData\Local\Programs\Microsoft VS Code\bin;C:\Program Files\JetBrains\IntelliJ IDEA Community Edition 2021.3.2\bin;C:\MinGW\bin;C:\adb;C:\Program Files (x86)\dotnet\;C:\WINDOWS\system32;C:\WINDOWS;C:\WINDOWS\System32\Wbem;C:\WINDOWS\System32\WindowsPowerShell\v1.0\;C:\WINDOWS\System32\OpenSSH\;C:\Program Files\Git\cmd;C:\Program Files\nodejs\;C:\ProgramData\chocolatey\bin;C:\Program Files\Cloudflare\Cloudflare WARP\;C:\Program Files\Java\jdk-21;C:\Users\KIIT\AppData\Local\Microsoft\WindowsApps;C:\Users\KIIT\AppData\Local\Programs\Microsoft VS Code\bin;C:\Program Files\JetBrains\IntelliJ IDEA Community Edition 2021.3.2\bin;C:\MinGW\bin;C:\Users\KIIT\AppData\Roaming\npm;C:\Users\KIIT\AppData\Local\Pub\Cache\bin;C:\src\flutter\bin;C:\tools\dart-sdk\bin;C:\Platform tools\platform-tools;
USERNAME=KIIT
OS=Windows_NT
PROCESSOR_IDENTIFIER=AMD64 Family 23 Model 104 Stepping 1, AuthenticAMD
TMP=C:\Users\KIIT\AppData\Local\Temp
TEMP=C:\Users\KIIT\AppData\Local\Temp


JNI global refs:
JNI global refs: 38, weak refs: 13

JNI global refs memory usage: 843, weak refs: 841

OOME stack traces (most recent first):
Classloader memory used:
Loader org.gradle.internal.classloader.VisitableURLClassLoader                         : 4543K
Loader org.gradle.internal.classloader.VisitableURLClassLoader$InstrumentingVisitableURLClassLoader: 3126K
Loader bootstrap                                                                       : 3020K
Loader org.gradle.initialization.MixInLegacyTypesClassLoader                           : 1206K
Loader jdk.internal.loader.ClassLoaders$PlatformClassLoader                            : 68277B
Loader jdk.internal.reflect.DelegatingClassLoader                                      : 61280B
Loader jdk.internal.loader.ClassLoaders$AppClassLoader                                 : 28359B
Loader org.gradle.groovy.scripts.internal.DefaultScriptCompilationHandler$ScriptClassLoader: 3067B
Loader org.codehaus.groovy.runtime.callsite.CallSiteClassLoader                        : 795B
Loader sun.reflect.misc.MethodUtil                                                     : 373B


[error occurred during error reporting (Classloader stats), id 0xe0000001, Out of Memory Error (s\src\hotspot\share\memory\arena.cpp:78)]


---------------  S Y S T E M  ---------------

OS:
 Windows 11 , 64 bit Build 22621 (10.0.22621.2215)
OS uptime: 2 days 22:16 hours
Hyper-V role detected

CPU: total 16 (initial active 16) (16 cores per cpu, 2 threads per core) family 23 model 104 stepping 1 microcode 0x0, cx8, cmov, fxsr, ht, mmx, 3dnowpref, sse, sse2, sse3, ssse3, sse4a, sse4.1, sse4.2, popcnt, lzcnt, tsc, tscinvbit, avx, avx2, aes, clmul, bmi1, bmi2, adx, sha, fma, vzeroupper, clflush, clflushopt, hv

Memory: 4k page, system-wide physical 15709M (1296M free)
TotalPageFile size 17757M (AvailPageFile size 5M)
current process WorkingSet (physical memory assigned to process): 565M, peak: 565M
current process commit charge ("private bytes"): 620M, peak: 620M

vm_info: OpenJDK 64-Bit Server VM (17.0.7+0-b2043.56-10550314) for windows-amd64 JRE (17.0.7+0-b2043.56-10550314), built on Jul 24 2023 18:27:45 by "androidbuild" with MS VC++ 16.10 / 16.11 (VS2019)

END.
